[2024-06-04 11:36:13] local.ERROR: Please provide a valid cache path. {"exception":"[object] (InvalidArgumentException(code: 0): Please provide a valid cache path. at C:\\Users\\msbal\\OneDrive\\Desktop\\ZIMO Tasks\\ZG-Laravel_Tasks\\crud_task\\vendor\\laravel\\framework\\src\\Illuminate\\View\\Compilers\\Compiler.php:67)
[stacktrace]
#0 C:\\Users\\msbal\\OneDrive\\Desktop\\ZIMO Tasks\\ZG-Laravel_Tasks\\crud_task\\vendor\\laravel\\framework\\src\\Illuminate\\View\\ViewServiceProvider.php(97): Illuminate\\View\\Compilers\\Compiler->__construct(Object(Illuminate\\Filesystem\\Filesystem), false, '', true, 'php')
#1 C:\\Users\\msbal\\OneDrive\\Desktop\\ZIMO Tasks\\ZG-Laravel_Tasks\\crud_task\\vendor\\laravel\\framework\\src\\Illuminate\\Container\\Container.php(900): Illuminate\\View\\ViewServiceProvider->Illuminate\\View\\{closure}(Object(Illuminate\\Foundation\\Application), Array)
#2 C:\\Users\\msbal\\OneDrive\\Desktop\\ZIMO Tasks\\ZG-Laravel_Tasks\\crud_task\\vendor\\laravel\\framework\\src\\Illuminate\\Container\\Container.php(787): Illuminate\\Container\\Container->build(Object(Closure))
#3 C:\\Users\\msbal\\OneDrive\\Desktop\\ZIMO Tasks\\ZG-Laravel_Tasks\\crud_task\\vendor\\laravel\\framework\\src\\Illuminate\\Foundation\\Application.php(1034): Illuminate\\Container\\Container->resolve('blade.compiler', Array, true)
#4 C:\\Users\\msbal\\OneDrive\\Desktop\\ZIMO Tasks\\ZG-Laravel_Tasks\\crud_task\\vendor\\laravel\\framework\\src\\Illuminate\\Container\\Container.php(723): Illuminate\\Foundation\\Application->resolve('blade.compiler', Array)
#5 C:\\Users\\msbal\\OneDrive\\Desktop\\ZIMO Tasks\\ZG-Laravel_Tasks\\crud_task\\vendor\\laravel\\framework\\src\\Illuminate\\Foundation\\Application.php(1019): Illuminate\\Container\\Container->make('blade.compiler', Array)
#6 C:\\Users\\msbal\\OneDrive\\Desktop\\ZIMO Tasks\\ZG-Laravel_Tasks\\crud_task\\vendor\\laravel\\framework\\src\\Illuminate\\View\\ViewServiceProvider.php(168): Illuminate\\Foundation\\Application->make('blade.compiler')
#7 [internal function]: Illuminate\\View\\ViewServiceProvider->Illuminate\\View\\{closure}()
#8 C:\\Users\\msbal\\OneDrive\\Desktop\\ZIMO Tasks\\ZG-Laravel_Tasks\\crud_task\\vendor\\laravel\\framework\\src\\Illuminate\\View\\Engines\\EngineResolver.php(55): call_user_func(Object(Closure))
#9 C:\\Users\\msbal\\OneDrive\\Desktop\\ZIMO Tasks\\ZG-Laravel_Tasks\\crud_task\\vendor\\laravel\\framework\\src\\Illuminate\\View\\Factory.php(326): Illuminate\\View\\Engines\\EngineResolver->resolve('blade')
#10 C:\\Users\\msbal\\OneDrive\\Desktop\\ZIMO Tasks\\ZG-Laravel_Tasks\\crud_task\\vendor\\laravel\\framework\\src\\Illuminate\\View\\Factory.php(288): Illuminate\\View\\Factory->getEngineFromPath('C:\\\\Users\\\\msbal\\\\...')
#11 C:\\Users\\msbal\\OneDrive\\Desktop\\ZIMO Tasks\\ZG-Laravel_Tasks\\crud_task\\vendor\\laravel\\framework\\src\\Illuminate\\View\\Factory.php(160): Illuminate\\View\\Factory->viewInstance('students.create', 'C:\\\\Users\\\\msbal\\\\...', Array)
#12 C:\\Users\\msbal\\OneDrive\\Desktop\\ZIMO Tasks\\ZG-Laravel_Tasks\\crud_task\\vendor\\laravel\\framework\\src\\Illuminate\\Foundation\\helpers.php(1040): Illuminate\\View\\Factory->make('students.create', Array, Array)
#13 C:\\Users\\msbal\\OneDrive\\Desktop\\ZIMO Tasks\\ZG-Laravel_Tasks\\crud_task\\app\\Http\\Controllers\\StudentController.php(17): view('students.create')
#14 C:\\Users\\msbal\\OneDrive\\Desktop\\ZIMO Tasks\\ZG-Laravel_Tasks\\crud_task\\vendor\\laravel\\framework\\src\\Illuminate\\Routing\\ControllerDispatcher.php(46): App\\Http\\Controllers\\StudentController->create()
#15 C:\\Users\\msbal\\OneDrive\\Desktop\\ZIMO Tasks\\ZG-Laravel_Tasks\\crud_task\\vendor\\laravel\\framework\\src\\Illuminate\\Routing\\Route.php(260): Illuminate\\Routing\\ControllerDispatcher->dispatch(Object(Illuminate\\Routing\\Route), Object(App\\Http\\Controllers\\StudentController), 'create')
#16 C:\\Users\\msbal\\OneDrive\\Desktop\\ZIMO Tasks\\ZG-Laravel_Tasks\\crud_task\\vendor\\laravel\\framework\\src\\Illuminate\\Routing\\Route.php(206): Illuminate\\Routing\\Route->runController()
#17 C:\\Users\\msbal\\OneDrive\\Desktop\\ZIMO Tasks\\ZG-Laravel_Tasks\\crud_task\\vendor\\laravel\\framework\\src\\Illuminate\\Routing\\Router.php(806): Illuminate\\Routing\\Route->run()
#18 C:\\Users\\msbal\\OneDrive\\Desktop\\ZIMO Tasks\\ZG-Laravel_Tasks\\crud_task\\vendor\\laravel\\framework\\src\\Illuminate\\Pipeline\\Pipeline.php(144): Illuminate\\Routing\\Router->Illuminate\\Routing\\{closure}(Object(Illuminate\\Http\\Request))
#19 C:\\Users\\msbal\\OneDrive\\Desktop\\ZIMO Tasks\\ZG-Laravel_Tasks\\crud_task\\vendor\\laravel\\framework\\src\\Illuminate\\Routing\\Middleware\\SubstituteBindings.php(50): Illuminate\\Pipeline\\Pipeline->Illuminate\\Pipeline\\{closure}(Object(Illuminate\\Http\\Request))
#20 C:\\Users\\msbal\\OneDrive\\Desktop\\ZIMO Tasks\\ZG-Laravel_Tasks\\crud_task\\vendor\\laravel\\framework\\src\\Illuminate\\Pipeline\\Pipeline.php(183): Illuminate\\Routing\\Middleware\\SubstituteBindings->handle(Object(Illuminate\\Http\\Request), Object(Closure))
#21 C:\\Users\\msbal\\OneDrive\\Desktop\\ZIMO Tasks\\ZG-Laravel_Tasks\\crud_task\\vendor\\laravel\\framework\\src\\Illuminate\\Foundation\\Http\\Middleware\\VerifyCsrfToken.php(88): Illuminate\\Pipeline\\Pipeline->Illuminate\\Pipeline\\{closure}(Object(Illuminate\\Http\\Request))
#22 C:\\Users\\msbal\\OneDrive\\Desktop\\ZIMO Tasks\\ZG-Laravel_Tasks\\crud_task\\vendor\\laravel\\framework\\src\\Illuminate\\Pipeline\\Pipeline.php(183): Illuminate\\Foundation\\Http\\Middleware\\VerifyCsrfToken->handle(Object(Illuminate\\Http\\Request), Object(Closure))
#23 C:\\Users\\msbal\\OneDrive\\Desktop\\ZIMO Tasks\\ZG-Laravel_Tasks\\crud_task\\vendor\\laravel\\framework\\src\\Illuminate\\View\\Middleware\\ShareErrorsFromSession.php(49): Illuminate\\Pipeline\\Pipeline->Illuminate\\Pipeline\\{closure}(Object(Illuminate\\Http\\Request))
#24 C:\\Users\\msbal\\OneDrive\\Desktop\\ZIMO Tasks\\ZG-Laravel_Tasks\\crud_task\\vendor\\laravel\\framework\\src\\Illuminate\\Pipeline\\Pipeline.php(183): Illuminate\\View\\Middleware\\ShareErrorsFromSession->handle(Object(Illuminate\\Http\\Request), Object(Closure))
#25 C:\\Users\\msbal\\OneDrive\\Desktop\\ZIMO Tasks\\ZG-Laravel_Tasks\\crud_task\\vendor\\laravel\\framework\\src\\Illuminate\\Session\\Middleware\\StartSession.php(121): Illuminate\\Pipeline\\Pipeline->Illuminate\\Pipeline\\{closure}(Object(Illuminate\\Http\\Request))
#26 C:\\Users\\msbal\\OneDrive\\Desktop\\ZIMO Tasks\\ZG-Laravel_Tasks\\crud_task\\vendor\\laravel\\framework\\src\\Illuminate\\Session\\Middleware\\StartSession.php(64): Illuminate\\Session\\Middleware\\StartSession->handleStatefulRequest(Object(Illuminate\\Http\\Request), Object(Illuminate\\Session\\Store), Object(Closure))
#27 C:\\Users\\msbal\\OneDrive\\Desktop\\ZIMO Tasks\\ZG-Laravel_Tasks\\crud_task\\vendor\\laravel\\framework\\src\\Illuminate\\Pipeline\\Pipeline.php(183): Illuminate\\Session\\Middleware\\StartSession->handle(Object(Illuminate\\Http\\Request), Object(Closure))
#28 C:\\Users\\msbal\\OneDrive\\Desktop\\ZIMO Tasks\\ZG-Laravel_Tasks\\crud_task\\vendor\\laravel\\framework\\src\\Illuminate\\Cookie\\Middleware\\AddQueuedCookiesToResponse.php(37): Illuminate\\Pipeline\\Pipeline->Illuminate\\Pipeline\\{closure}(Object(Illuminate\\Http\\Request))
#29 C:\\Users\\msbal\\OneDrive\\Desktop\\ZIMO Tasks\\ZG-Laravel_Tasks\\crud_task\\vendor\\laravel\\framework\\src\\Illuminate\\Pipeline\\Pipeline.php(183): Illuminate\\Cookie\\Middleware\\AddQueuedCookiesToResponse->handle(Object(Illuminate\\Http\\Request), Object(Closure))
#30 C:\\Users\\msbal\\OneDrive\\Desktop\\ZIMO Tasks\\ZG-Laravel_Tasks\\crud_task\\vendor\\laravel\\framework\\src\\Illuminate\\Cookie\\Middleware\\EncryptCookies.php(75): Illuminate\\Pipeline\\Pipeline->Illuminate\\Pipeline\\{closure}(Object(Illuminate\\Http\\Request))
#31 C:\\Users\\msbal\\OneDrive\\Desktop\\ZIMO Tasks\\ZG-Laravel_Tasks\\crud_task\\vendor\\laravel\\framework\\src\\Illuminate\\Pipeline\\Pipeline.php(183): Illuminate\\Cookie\\Middleware\\EncryptCookies->handle(Object(Illuminate\\Http\\Request), Object(Closure))
#32 C:\\Users\\msbal\\OneDrive\\Desktop\\ZIMO Tasks\\ZG-Laravel_Tasks\\crud_task\\vendor\\laravel\\framework\\src\\Illuminate\\Pipeline\\Pipeline.php(119): Illuminate\\Pipeline\\Pipeline->Illuminate\\Pipeline\\{closure}(Object(Illuminate\\Http\\Request))
#33 C:\\Users\\msbal\\OneDrive\\Desktop\\ZIMO Tasks\\ZG-Laravel_Tasks\\crud_task\\vendor\\laravel\\framework\\src\\Illuminate\\Routing\\Router.php(805): Illuminate\\Pipeline\\Pipeline->then(Object(Closure))
#34 C:\\Users\\msbal\\OneDrive\\Desktop\\ZIMO Tasks\\ZG-Laravel_Tasks\\crud_task\\vendor\\laravel\\framework\\src\\Illuminate\\Routing\\Router.php(784): Illuminate\\Routing\\Router->runRouteWithinStack(Object(Illuminate\\Routing\\Route), Object(Illuminate\\Http\\Request))
#35 C:\\Users\\msbal\\OneDrive\\Desktop\\ZIMO Tasks\\ZG-Laravel_Tasks\\crud_task\\vendor\\laravel\\framework\\src\\Illuminate\\Routing\\Router.php(748): Illuminate\\Routing\\Router->runRoute(Object(Illuminate\\Http\\Request), Object(Illuminate\\Routing\\Route))
#36 C:\\Users\\msbal\\OneDrive\\Desktop\\ZIMO Tasks\\ZG-Laravel_Tasks\\crud_task\\vendor\\laravel\\framework\\src\\Illuminate\\Routing\\Router.php(737): Illuminate\\Routing\\Router->dispatchToRoute(Object(Illuminate\\Http\\Request))
#37 C:\\Users\\msbal\\OneDrive\\Desktop\\ZIMO Tasks\\ZG-Laravel_Tasks\\crud_task\\vendor\\laravel\\framework\\src\\Illuminate\\Foundation\\Http\\Kernel.php(200): Illuminate\\Routing\\Router->dispatch(Object(Illuminate\\Http\\Request))
#38 C:\\Users\\msbal\\OneDrive\\Desktop\\ZIMO Tasks\\ZG-Laravel_Tasks\\crud_task\\vendor\\laravel\\framework\\src\\Illuminate\\Pipeline\\Pipeline.php(144): Illuminate\\Foundation\\Http\\Kernel->Illuminate\\Foundation\\Http\\{closure}(Object(Illuminate\\Http\\Request))
#39 C:\\Users\\msbal\\OneDrive\\Desktop\\ZIMO Tasks\\ZG-Laravel_Tasks\\crud_task\\vendor\\laravel\\framework\\src\\Illuminate\\Foundation\\Http\\Middleware\\TransformsRequest.php(21): Illuminate\\Pipeline\\Pipeline->Illuminate\\Pipeline\\{closure}(Object(Illuminate\\Http\\Request))
#40 C:\\Users\\msbal\\OneDrive\\Desktop\\ZIMO Tasks\\ZG-Laravel_Tasks\\crud_task\\vendor\\laravel\\framework\\src\\Illuminate\\Foundation\\Http\\Middleware\\ConvertEmptyStringsToNull.php(31): Illuminate\\Foundation\\Http\\Middleware\\TransformsRequest->handle(Object(Illuminate\\Http\\Request), Object(Closure))
#41 C:\\Users\\msbal\\OneDrive\\Desktop\\ZIMO Tasks\\ZG-Laravel_Tasks\\crud_task\\vendor\\laravel\\framework\\src\\Illuminate\\Pipeline\\Pipeline.php(183): Illuminate\\Foundation\\Http\\Middleware\\ConvertEmptyStringsToNull->handle(Object(Illuminate\\Http\\Request), Object(Closure))
#42 C:\\Users\\msbal\\OneDrive\\Desktop\\ZIMO Tasks\\ZG-Laravel_Tasks\\crud_task\\vendor\\laravel\\framework\\src\\Illuminate\\Foundation\\Http\\Middleware\\TransformsRequest.php(21): Illuminate\\Pipeline\\Pipeline->Illuminate\\Pipeline\\{closure}(Object(Illuminate\\Http\\Request))
#43 C:\\Users\\msbal\\OneDrive\\Desktop\\ZIMO Tasks\\ZG-Laravel_Tasks\\crud_task\\vendor\\laravel\\framework\\src\\Illuminate\\Foundation\\Http\\Middleware\\TrimStrings.php(51): Illuminate\\Foundation\\Http\\Middleware\\TransformsRequest->handle(Object(Illuminate\\Http\\Request), Object(Closure))
#44 C:\\Users\\msbal\\OneDrive\\Desktop\\ZIMO Tasks\\ZG-Laravel_Tasks\\crud_task\\vendor\\laravel\\framework\\src\\Illuminate\\Pipeline\\Pipeline.php(183): Illuminate\\Foundation\\Http\\Middleware\\TrimStrings->handle(Object(Illuminate\\Http\\Request), Object(Closure))
#45 C:\\Users\\msbal\\OneDrive\\Desktop\\ZIMO Tasks\\ZG-Laravel_Tasks\\crud_task\\vendor\\laravel\\framework\\src\\Illuminate\\Http\\Middleware\\ValidatePostSize.php(27): Illuminate\\Pipeline\\Pipeline->Illuminate\\Pipeline\\{closure}(Object(Illuminate\\Http\\Request))
#46 C:\\Users\\msbal\\OneDrive\\Desktop\\ZIMO Tasks\\ZG-Laravel_Tasks\\crud_task\\vendor\\laravel\\framework\\src\\Illuminate\\Pipeline\\Pipeline.php(183): Illuminate\\Http\\Middleware\\ValidatePostSize->handle(Object(Illuminate\\Http\\Request), Object(Closure))
#47 C:\\Users\\msbal\\OneDrive\\Desktop\\ZIMO Tasks\\ZG-Laravel_Tasks\\crud_task\\vendor\\laravel\\framework\\src\\Illuminate\\Foundation\\Http\\Middleware\\PreventRequestsDuringMaintenance.php(110): Illuminate\\Pipeline\\Pipeline->Illuminate\\Pipeline\\{closure}(Object(Illuminate\\Http\\Request))
#48 C:\\Users\\msbal\\OneDrive\\Desktop\\ZIMO Tasks\\ZG-Laravel_Tasks\\crud_task\\vendor\\laravel\\framework\\src\\Illuminate\\Pipeline\\Pipeline.php(183): Illuminate\\Foundation\\Http\\Middleware\\PreventRequestsDuringMaintenance->handle(Object(Illuminate\\Http\\Request), Object(Closure))
#49 C:\\Users\\msbal\\OneDrive\\Desktop\\ZIMO Tasks\\ZG-Laravel_Tasks\\crud_task\\vendor\\laravel\\framework\\src\\Illuminate\\Http\\Middleware\\HandleCors.php(49): Illuminate\\Pipeline\\Pipeline->Illuminate\\Pipeline\\{closure}(Object(Illuminate\\Http\\Request))
#50 C:\\Users\\msbal\\OneDrive\\Desktop\\ZIMO Tasks\\ZG-Laravel_Tasks\\crud_task\\vendor\\laravel\\framework\\src\\Illuminate\\Pipeline\\Pipeline.php(183): Illuminate\\Http\\Middleware\\HandleCors->handle(Object(Illuminate\\Http\\Request), Object(Closure))
#51 C:\\Users\\msbal\\OneDrive\\Desktop\\ZIMO Tasks\\ZG-Laravel_Tasks\\crud_task\\vendor\\laravel\\framework\\src\\Illuminate\\Http\\Middleware\\TrustProxies.php(57): Illuminate\\Pipeline\\Pipeline->Illuminate\\Pipeline\\{closure}(Object(Illuminate\\Http\\Request))
#52 C:\\Users\\msbal\\OneDrive\\Desktop\\ZIMO Tasks\\ZG-Laravel_Tasks\\crud_task\\vendor\\laravel\\framework\\src\\Illuminate\\Pipeline\\Pipeline.php(183): Illuminate\\Http\\Middleware\\TrustProxies->handle(Object(Illuminate\\Http\\Request), Object(Closure))
#53 C:\\Users\\msbal\\OneDrive\\Desktop\\ZIMO Tasks\\ZG-Laravel_Tasks\\crud_task\\vendor\\laravel\\framework\\src\\Illuminate\\Pipeline\\Pipeline.php(119): Illuminate\\Pipeline\\Pipeline->Illuminate\\Pipeline\\{closure}(Object(Illuminate\\Http\\Request))
#54 C:\\Users\\msbal\\OneDrive\\Desktop\\ZIMO Tasks\\ZG-Laravel_Tasks\\crud_task\\vendor\\laravel\\framework\\src\\Illuminate\\Foundation\\Http\\Kernel.php(175): Illuminate\\Pipeline\\Pipeline->then(Object(Closure))
#55 C:\\Users\\msbal\\OneDrive\\Desktop\\ZIMO Tasks\\ZG-Laravel_Tasks\\crud_task\\vendor\\laravel\\framework\\src\\Illuminate\\Foundation\\Http\\Kernel.php(144): Illuminate\\Foundation\\Http\\Kernel->sendRequestThroughRouter(Object(Illuminate\\Http\\Request))
#56 C:\\Users\\msbal\\OneDrive\\Desktop\\ZIMO Tasks\\ZG-Laravel_Tasks\\crud_task\\vendor\\laravel\\framework\\src\\Illuminate\\Foundation\\Application.php(1176): Illuminate\\Foundation\\Http\\Kernel->handle(Object(Illuminate\\Http\\Request))
#57 C:\\Users\\msbal\\OneDrive\\Desktop\\ZIMO Tasks\\ZG-Laravel_Tasks\\crud_task\\public\\index.php(17): Illuminate\\Foundation\\Application->handleRequest(Object(Illuminate\\Http\\Request))
#58 C:\\Users\\msbal\\OneDrive\\Desktop\\ZIMO Tasks\\ZG-Laravel_Tasks\\crud_task\\vendor\\laravel\\framework\\src\\Illuminate\\Foundation\\resources\\server.php(16): require_once('C:\\\\Users\\\\msbal\\\\...')
#59 {main}
"} 
[2024-06-04 11:37:36] local.ERROR: Please provide a valid cache path. {"exception":"[object] (InvalidArgumentException(code: 0): Please provide a valid cache path. at C:\\Users\\msbal\\OneDrive\\Desktop\\ZIMO Tasks\\ZG-Laravel_Tasks\\crud_task\\vendor\\laravel\\framework\\src\\Illuminate\\View\\Compilers\\Compiler.php:67)
[stacktrace]
#0 C:\\Users\\msbal\\OneDrive\\Desktop\\ZIMO Tasks\\ZG-Laravel_Tasks\\crud_task\\vendor\\laravel\\framework\\src\\Illuminate\\View\\ViewServiceProvider.php(97): Illuminate\\View\\Compilers\\Compiler->__construct(Object(Illuminate\\Filesystem\\Filesystem), false, '', true, 'php')
#1 C:\\Users\\msbal\\OneDrive\\Desktop\\ZIMO Tasks\\ZG-Laravel_Tasks\\crud_task\\vendor\\laravel\\framework\\src\\Illuminate\\Container\\Container.php(900): Illuminate\\View\\ViewServiceProvider->Illuminate\\View\\{closure}(Object(Illuminate\\Foundation\\Application), Array)
#2 C:\\Users\\msbal\\OneDrive\\Desktop\\ZIMO Tasks\\ZG-Laravel_Tasks\\crud_task\\vendor\\laravel\\framework\\src\\Illuminate\\Container\\Container.php(787): Illuminate\\Container\\Container->build(Object(Closure))
#3 C:\\Users\\msbal\\OneDrive\\Desktop\\ZIMO Tasks\\ZG-Laravel_Tasks\\crud_task\\vendor\\laravel\\framework\\src\\Illuminate\\Foundation\\Application.php(1034): Illuminate\\Container\\Container->resolve('blade.compiler', Array, true)
#4 C:\\Users\\msbal\\OneDrive\\Desktop\\ZIMO Tasks\\ZG-Laravel_Tasks\\crud_task\\vendor\\laravel\\framework\\src\\Illuminate\\Container\\Container.php(723): Illuminate\\Foundation\\Application->resolve('blade.compiler', Array)
#5 C:\\Users\\msbal\\OneDrive\\Desktop\\ZIMO Tasks\\ZG-Laravel_Tasks\\crud_task\\vendor\\laravel\\framework\\src\\Illuminate\\Foundation\\Application.php(1019): Illuminate\\Container\\Container->make('blade.compiler', Array)
#6 C:\\Users\\msbal\\OneDrive\\Desktop\\ZIMO Tasks\\ZG-Laravel_Tasks\\crud_task\\vendor\\laravel\\framework\\src\\Illuminate\\View\\ViewServiceProvider.php(168): Illuminate\\Foundation\\Application->make('blade.compiler')
#7 [internal function]: Illuminate\\View\\ViewServiceProvider->Illuminate\\View\\{closure}()
#8 C:\\Users\\msbal\\OneDrive\\Desktop\\ZIMO Tasks\\ZG-Laravel_Tasks\\crud_task\\vendor\\laravel\\framework\\src\\Illuminate\\View\\Engines\\EngineResolver.php(55): call_user_func(Object(Closure))
#9 C:\\Users\\msbal\\OneDrive\\Desktop\\ZIMO Tasks\\ZG-Laravel_Tasks\\crud_task\\vendor\\laravel\\framework\\src\\Illuminate\\View\\Factory.php(326): Illuminate\\View\\Engines\\EngineResolver->resolve('blade')
#10 C:\\Users\\msbal\\OneDrive\\Desktop\\ZIMO Tasks\\ZG-Laravel_Tasks\\crud_task\\vendor\\laravel\\framework\\src\\Illuminate\\View\\Factory.php(288): Illuminate\\View\\Factory->getEngineFromPath('C:\\\\Users\\\\msbal\\\\...')
#11 C:\\Users\\msbal\\OneDrive\\Desktop\\ZIMO Tasks\\ZG-Laravel_Tasks\\crud_task\\vendor\\laravel\\framework\\src\\Illuminate\\View\\Factory.php(160): Illuminate\\View\\Factory->viewInstance('students.create', 'C:\\\\Users\\\\msbal\\\\...', Array)
#12 C:\\Users\\msbal\\OneDrive\\Desktop\\ZIMO Tasks\\ZG-Laravel_Tasks\\crud_task\\vendor\\laravel\\framework\\src\\Illuminate\\Foundation\\helpers.php(1040): Illuminate\\View\\Factory->make('students.create', Array, Array)
#13 C:\\Users\\msbal\\OneDrive\\Desktop\\ZIMO Tasks\\ZG-Laravel_Tasks\\crud_task\\app\\Http\\Controllers\\StudentController.php(17): view('students.create')
#14 C:\\Users\\msbal\\OneDrive\\Desktop\\ZIMO Tasks\\ZG-Laravel_Tasks\\crud_task\\vendor\\laravel\\framework\\src\\Illuminate\\Routing\\ControllerDispatcher.php(46): App\\Http\\Controllers\\StudentController->create()
#15 C:\\Users\\msbal\\OneDrive\\Desktop\\ZIMO Tasks\\ZG-Laravel_Tasks\\crud_task\\vendor\\laravel\\framework\\src\\Illuminate\\Routing\\Route.php(260): Illuminate\\Routing\\ControllerDispatcher->dispatch(Object(Illuminate\\Routing\\Route), Object(App\\Http\\Controllers\\StudentController), 'create')
#16 C:\\Users\\msbal\\OneDrive\\Desktop\\ZIMO Tasks\\ZG-Laravel_Tasks\\crud_task\\vendor\\laravel\\framework\\src\\Illuminate\\Routing\\Route.php(206): Illuminate\\Routing\\Route->runController()
#17 C:\\Users\\msbal\\OneDrive\\Desktop\\ZIMO Tasks\\ZG-Laravel_Tasks\\crud_task\\vendor\\laravel\\framework\\src\\Illuminate\\Routing\\Router.php(806): Illuminate\\Routing\\Route->run()
#18 C:\\Users\\msbal\\OneDrive\\Desktop\\ZIMO Tasks\\ZG-Laravel_Tasks\\crud_task\\vendor\\laravel\\framework\\src\\Illuminate\\Pipeline\\Pipeline.php(144): Illuminate\\Routing\\Router->Illuminate\\Routing\\{closure}(Object(Illuminate\\Http\\Request))
#19 C:\\Users\\msbal\\OneDrive\\Desktop\\ZIMO Tasks\\ZG-Laravel_Tasks\\crud_task\\vendor\\laravel\\framework\\src\\Illuminate\\Routing\\Middleware\\SubstituteBindings.php(50): Illuminate\\Pipeline\\Pipeline->Illuminate\\Pipeline\\{closure}(Object(Illuminate\\Http\\Request))
#20 C:\\Users\\msbal\\OneDrive\\Desktop\\ZIMO Tasks\\ZG-Laravel_Tasks\\crud_task\\vendor\\laravel\\framework\\src\\Illuminate\\Pipeline\\Pipeline.php(183): Illuminate\\Routing\\Middleware\\SubstituteBindings->handle(Object(Illuminate\\Http\\Request), Object(Closure))
#21 C:\\Users\\msbal\\OneDrive\\Desktop\\ZIMO Tasks\\ZG-Laravel_Tasks\\crud_task\\vendor\\laravel\\framework\\src\\Illuminate\\Foundation\\Http\\Middleware\\VerifyCsrfToken.php(88): Illuminate\\Pipeline\\Pipeline->Illuminate\\Pipeline\\{closure}(Object(Illuminate\\Http\\Request))
#22 C:\\Users\\msbal\\OneDrive\\Desktop\\ZIMO Tasks\\ZG-Laravel_Tasks\\crud_task\\vendor\\laravel\\framework\\src\\Illuminate\\Pipeline\\Pipeline.php(183): Illuminate\\Foundation\\Http\\Middleware\\VerifyCsrfToken->handle(Object(Illuminate\\Http\\Request), Object(Closure))
#23 C:\\Users\\msbal\\OneDrive\\Desktop\\ZIMO Tasks\\ZG-Laravel_Tasks\\crud_task\\vendor\\laravel\\framework\\src\\Illuminate\\View\\Middleware\\ShareErrorsFromSession.php(49): Illuminate\\Pipeline\\Pipeline->Illuminate\\Pipeline\\{closure}(Object(Illuminate\\Http\\Request))
#24 C:\\Users\\msbal\\OneDrive\\Desktop\\ZIMO Tasks\\ZG-Laravel_Tasks\\crud_task\\vendor\\laravel\\framework\\src\\Illuminate\\Pipeline\\Pipeline.php(183): Illuminate\\View\\Middleware\\ShareErrorsFromSession->handle(Object(Illuminate\\Http\\Request), Object(Closure))
#25 C:\\Users\\msbal\\OneDrive\\Desktop\\ZIMO Tasks\\ZG-Laravel_Tasks\\crud_task\\vendor\\laravel\\framework\\src\\Illuminate\\Session\\Middleware\\StartSession.php(121): Illuminate\\Pipeline\\Pipeline->Illuminate\\Pipeline\\{closure}(Object(Illuminate\\Http\\Request))
#26 C:\\Users\\msbal\\OneDrive\\Desktop\\ZIMO Tasks\\ZG-Laravel_Tasks\\crud_task\\vendor\\laravel\\framework\\src\\Illuminate\\Session\\Middleware\\StartSession.php(64): Illuminate\\Session\\Middleware\\StartSession->handleStatefulRequest(Object(Illuminate\\Http\\Request), Object(Illuminate\\Session\\Store), Object(Closure))
#27 C:\\Users\\msbal\\OneDrive\\Desktop\\ZIMO Tasks\\ZG-Laravel_Tasks\\crud_task\\vendor\\laravel\\framework\\src\\Illuminate\\Pipeline\\Pipeline.php(183): Illuminate\\Session\\Middleware\\StartSession->handle(Object(Illuminate\\Http\\Request), Object(Closure))
#28 C:\\Users\\msbal\\OneDrive\\Desktop\\ZIMO Tasks\\ZG-Laravel_Tasks\\crud_task\\vendor\\laravel\\framework\\src\\Illuminate\\Cookie\\Middleware\\AddQueuedCookiesToResponse.php(37): Illuminate\\Pipeline\\Pipeline->Illuminate\\Pipeline\\{closure}(Object(Illuminate\\Http\\Request))
#29 C:\\Users\\msbal\\OneDrive\\Desktop\\ZIMO Tasks\\ZG-Laravel_Tasks\\crud_task\\vendor\\laravel\\framework\\src\\Illuminate\\Pipeline\\Pipeline.php(183): Illuminate\\Cookie\\Middleware\\AddQueuedCookiesToResponse->handle(Object(Illuminate\\Http\\Request), Object(Closure))
#30 C:\\Users\\msbal\\OneDrive\\Desktop\\ZIMO Tasks\\ZG-Laravel_Tasks\\crud_task\\vendor\\laravel\\framework\\src\\Illuminate\\Cookie\\Middleware\\EncryptCookies.php(75): Illuminate\\Pipeline\\Pipeline->Illuminate\\Pipeline\\{closure}(Object(Illuminate\\Http\\Request))
#31 C:\\Users\\msbal\\OneDrive\\Desktop\\ZIMO Tasks\\ZG-Laravel_Tasks\\crud_task\\vendor\\laravel\\framework\\src\\Illuminate\\Pipeline\\Pipeline.php(183): Illuminate\\Cookie\\Middleware\\EncryptCookies->handle(Object(Illuminate\\Http\\Request), Object(Closure))
#32 C:\\Users\\msbal\\OneDrive\\Desktop\\ZIMO Tasks\\ZG-Laravel_Tasks\\crud_task\\vendor\\laravel\\framework\\src\\Illuminate\\Pipeline\\Pipeline.php(119): Illuminate\\Pipeline\\Pipeline->Illuminate\\Pipeline\\{closure}(Object(Illuminate\\Http\\Request))
#33 C:\\Users\\msbal\\OneDrive\\Desktop\\ZIMO Tasks\\ZG-Laravel_Tasks\\crud_task\\vendor\\laravel\\framework\\src\\Illuminate\\Routing\\Router.php(805): Illuminate\\Pipeline\\Pipeline->then(Object(Closure))
#34 C:\\Users\\msbal\\OneDrive\\Desktop\\ZIMO Tasks\\ZG-Laravel_Tasks\\crud_task\\vendor\\laravel\\framework\\src\\Illuminate\\Routing\\Router.php(784): Illuminate\\Routing\\Router->runRouteWithinStack(Object(Illuminate\\Routing\\Route), Object(Illuminate\\Http\\Request))
#35 C:\\Users\\msbal\\OneDrive\\Desktop\\ZIMO Tasks\\ZG-Laravel_Tasks\\crud_task\\vendor\\laravel\\framework\\src\\Illuminate\\Routing\\Router.php(748): Illuminate\\Routing\\Router->runRoute(Object(Illuminate\\Http\\Request), Object(Illuminate\\Routing\\Route))
#36 C:\\Users\\msbal\\OneDrive\\Desktop\\ZIMO Tasks\\ZG-Laravel_Tasks\\crud_task\\vendor\\laravel\\framework\\src\\Illuminate\\Routing\\Router.php(737): Illuminate\\Routing\\Router->dispatchToRoute(Object(Illuminate\\Http\\Request))
#37 C:\\Users\\msbal\\OneDrive\\Desktop\\ZIMO Tasks\\ZG-Laravel_Tasks\\crud_task\\vendor\\laravel\\framework\\src\\Illuminate\\Foundation\\Http\\Kernel.php(200): Illuminate\\Routing\\Router->dispatch(Object(Illuminate\\Http\\Request))
#38 C:\\Users\\msbal\\OneDrive\\Desktop\\ZIMO Tasks\\ZG-Laravel_Tasks\\crud_task\\vendor\\laravel\\framework\\src\\Illuminate\\Pipeline\\Pipeline.php(144): Illuminate\\Foundation\\Http\\Kernel->Illuminate\\Foundation\\Http\\{closure}(Object(Illuminate\\Http\\Request))
#39 C:\\Users\\msbal\\OneDrive\\Desktop\\ZIMO Tasks\\ZG-Laravel_Tasks\\crud_task\\vendor\\laravel\\framework\\src\\Illuminate\\Foundation\\Http\\Middleware\\TransformsRequest.php(21): Illuminate\\Pipeline\\Pipeline->Illuminate\\Pipeline\\{closure}(Object(Illuminate\\Http\\Request))
#40 C:\\Users\\msbal\\OneDrive\\Desktop\\ZIMO Tasks\\ZG-Laravel_Tasks\\crud_task\\vendor\\laravel\\framework\\src\\Illuminate\\Foundation\\Http\\Middleware\\ConvertEmptyStringsToNull.php(31): Illuminate\\Foundation\\Http\\Middleware\\TransformsRequest->handle(Object(Illuminate\\Http\\Request), Object(Closure))
#41 C:\\Users\\msbal\\OneDrive\\Desktop\\ZIMO Tasks\\ZG-Laravel_Tasks\\crud_task\\vendor\\laravel\\framework\\src\\Illuminate\\Pipeline\\Pipeline.php(183): Illuminate\\Foundation\\Http\\Middleware\\ConvertEmptyStringsToNull->handle(Object(Illuminate\\Http\\Request), Object(Closure))
#42 C:\\Users\\msbal\\OneDrive\\Desktop\\ZIMO Tasks\\ZG-Laravel_Tasks\\crud_task\\vendor\\laravel\\framework\\src\\Illuminate\\Foundation\\Http\\Middleware\\TransformsRequest.php(21): Illuminate\\Pipeline\\Pipeline->Illuminate\\Pipeline\\{closure}(Object(Illuminate\\Http\\Request))
#43 C:\\Users\\msbal\\OneDrive\\Desktop\\ZIMO Tasks\\ZG-Laravel_Tasks\\crud_task\\vendor\\laravel\\framework\\src\\Illuminate\\Foundation\\Http\\Middleware\\TrimStrings.php(51): Illuminate\\Foundation\\Http\\Middleware\\TransformsRequest->handle(Object(Illuminate\\Http\\Request), Object(Closure))
#44 C:\\Users\\msbal\\OneDrive\\Desktop\\ZIMO Tasks\\ZG-Laravel_Tasks\\crud_task\\vendor\\laravel\\framework\\src\\Illuminate\\Pipeline\\Pipeline.php(183): Illuminate\\Foundation\\Http\\Middleware\\TrimStrings->handle(Object(Illuminate\\Http\\Request), Object(Closure))
#45 C:\\Users\\msbal\\OneDrive\\Desktop\\ZIMO Tasks\\ZG-Laravel_Tasks\\crud_task\\vendor\\laravel\\framework\\src\\Illuminate\\Http\\Middleware\\ValidatePostSize.php(27): Illuminate\\Pipeline\\Pipeline->Illuminate\\Pipeline\\{closure}(Object(Illuminate\\Http\\Request))
#46 C:\\Users\\msbal\\OneDrive\\Desktop\\ZIMO Tasks\\ZG-Laravel_Tasks\\crud_task\\vendor\\laravel\\framework\\src\\Illuminate\\Pipeline\\Pipeline.php(183): Illuminate\\Http\\Middleware\\ValidatePostSize->handle(Object(Illuminate\\Http\\Request), Object(Closure))
#47 C:\\Users\\msbal\\OneDrive\\Desktop\\ZIMO Tasks\\ZG-Laravel_Tasks\\crud_task\\vendor\\laravel\\framework\\src\\Illuminate\\Foundation\\Http\\Middleware\\PreventRequestsDuringMaintenance.php(110): Illuminate\\Pipeline\\Pipeline->Illuminate\\Pipeline\\{closure}(Object(Illuminate\\Http\\Request))
#48 C:\\Users\\msbal\\OneDrive\\Desktop\\ZIMO Tasks\\ZG-Laravel_Tasks\\crud_task\\vendor\\laravel\\framework\\src\\Illuminate\\Pipeline\\Pipeline.php(183): Illuminate\\Foundation\\Http\\Middleware\\PreventRequestsDuringMaintenance->handle(Object(Illuminate\\Http\\Request), Object(Closure))
#49 C:\\Users\\msbal\\OneDrive\\Desktop\\ZIMO Tasks\\ZG-Laravel_Tasks\\crud_task\\vendor\\laravel\\framework\\src\\Illuminate\\Http\\Middleware\\HandleCors.php(49): Illuminate\\Pipeline\\Pipeline->Illuminate\\Pipeline\\{closure}(Object(Illuminate\\Http\\Request))
#50 C:\\Users\\msbal\\OneDrive\\Desktop\\ZIMO Tasks\\ZG-Laravel_Tasks\\crud_task\\vendor\\laravel\\framework\\src\\Illuminate\\Pipeline\\Pipeline.php(183): Illuminate\\Http\\Middleware\\HandleCors->handle(Object(Illuminate\\Http\\Request), Object(Closure))
#51 C:\\Users\\msbal\\OneDrive\\Desktop\\ZIMO Tasks\\ZG-Laravel_Tasks\\crud_task\\vendor\\laravel\\framework\\src\\Illuminate\\Http\\Middleware\\TrustProxies.php(57): Illuminate\\Pipeline\\Pipeline->Illuminate\\Pipeline\\{closure}(Object(Illuminate\\Http\\Request))
#52 C:\\Users\\msbal\\OneDrive\\Desktop\\ZIMO Tasks\\ZG-Laravel_Tasks\\crud_task\\vendor\\laravel\\framework\\src\\Illuminate\\Pipeline\\Pipeline.php(183): Illuminate\\Http\\Middleware\\TrustProxies->handle(Object(Illuminate\\Http\\Request), Object(Closure))
#53 C:\\Users\\msbal\\OneDrive\\Desktop\\ZIMO Tasks\\ZG-Laravel_Tasks\\crud_task\\vendor\\laravel\\framework\\src\\Illuminate\\Pipeline\\Pipeline.php(119): Illuminate\\Pipeline\\Pipeline->Illuminate\\Pipeline\\{closure}(Object(Illuminate\\Http\\Request))
#54 C:\\Users\\msbal\\OneDrive\\Desktop\\ZIMO Tasks\\ZG-Laravel_Tasks\\crud_task\\vendor\\laravel\\framework\\src\\Illuminate\\Foundation\\Http\\Kernel.php(175): Illuminate\\Pipeline\\Pipeline->then(Object(Closure))
#55 C:\\Users\\msbal\\OneDrive\\Desktop\\ZIMO Tasks\\ZG-Laravel_Tasks\\crud_task\\vendor\\laravel\\framework\\src\\Illuminate\\Foundation\\Http\\Kernel.php(144): Illuminate\\Foundation\\Http\\Kernel->sendRequestThroughRouter(Object(Illuminate\\Http\\Request))
#56 C:\\Users\\msbal\\OneDrive\\Desktop\\ZIMO Tasks\\ZG-Laravel_Tasks\\crud_task\\vendor\\laravel\\framework\\src\\Illuminate\\Foundation\\Application.php(1176): Illuminate\\Foundation\\Http\\Kernel->handle(Object(Illuminate\\Http\\Request))
#57 C:\\Users\\msbal\\OneDrive\\Desktop\\ZIMO Tasks\\ZG-Laravel_Tasks\\crud_task\\public\\index.php(17): Illuminate\\Foundation\\Application->handleRequest(Object(Illuminate\\Http\\Request))
#58 C:\\Users\\msbal\\OneDrive\\Desktop\\ZIMO Tasks\\ZG-Laravel_Tasks\\crud_task\\vendor\\laravel\\framework\\src\\Illuminate\\Foundation\\resources\\server.php(16): require_once('C:\\\\Users\\\\msbal\\\\...')
#59 {main}
"} 
[2024-06-04 11:37:40] local.ERROR: Please provide a valid cache path. {"exception":"[object] (InvalidArgumentException(code: 0): Please provide a valid cache path. at C:\\Users\\msbal\\OneDrive\\Desktop\\ZIMO Tasks\\ZG-Laravel_Tasks\\crud_task\\vendor\\laravel\\framework\\src\\Illuminate\\View\\Compilers\\Compiler.php:67)
[stacktrace]
#0 C:\\Users\\msbal\\OneDrive\\Desktop\\ZIMO Tasks\\ZG-Laravel_Tasks\\crud_task\\vendor\\laravel\\framework\\src\\Illuminate\\View\\ViewServiceProvider.php(97): Illuminate\\View\\Compilers\\Compiler->__construct(Object(Illuminate\\Filesystem\\Filesystem), false, '', true, 'php')
#1 C:\\Users\\msbal\\OneDrive\\Desktop\\ZIMO Tasks\\ZG-Laravel_Tasks\\crud_task\\vendor\\laravel\\framework\\src\\Illuminate\\Container\\Container.php(900): Illuminate\\View\\ViewServiceProvider->Illuminate\\View\\{closure}(Object(Illuminate\\Foundation\\Application), Array)
#2 C:\\Users\\msbal\\OneDrive\\Desktop\\ZIMO Tasks\\ZG-Laravel_Tasks\\crud_task\\vendor\\laravel\\framework\\src\\Illuminate\\Container\\Container.php(787): Illuminate\\Container\\Container->build(Object(Closure))
#3 C:\\Users\\msbal\\OneDrive\\Desktop\\ZIMO Tasks\\ZG-Laravel_Tasks\\crud_task\\vendor\\laravel\\framework\\src\\Illuminate\\Foundation\\Application.php(1034): Illuminate\\Container\\Container->resolve('blade.compiler', Array, true)
#4 C:\\Users\\msbal\\OneDrive\\Desktop\\ZIMO Tasks\\ZG-Laravel_Tasks\\crud_task\\vendor\\laravel\\framework\\src\\Illuminate\\Container\\Container.php(723): Illuminate\\Foundation\\Application->resolve('blade.compiler', Array)
#5 C:\\Users\\msbal\\OneDrive\\Desktop\\ZIMO Tasks\\ZG-Laravel_Tasks\\crud_task\\vendor\\laravel\\framework\\src\\Illuminate\\Foundation\\Application.php(1019): Illuminate\\Container\\Container->make('blade.compiler', Array)
#6 C:\\Users\\msbal\\OneDrive\\Desktop\\ZIMO Tasks\\ZG-Laravel_Tasks\\crud_task\\vendor\\laravel\\framework\\src\\Illuminate\\View\\ViewServiceProvider.php(168): Illuminate\\Foundation\\Application->make('blade.compiler')
#7 [internal function]: Illuminate\\View\\ViewServiceProvider->Illuminate\\View\\{closure}()
#8 C:\\Users\\msbal\\OneDrive\\Desktop\\ZIMO Tasks\\ZG-Laravel_Tasks\\crud_task\\vendor\\laravel\\framework\\src\\Illuminate\\View\\Engines\\EngineResolver.php(55): call_user_func(Object(Closure))
#9 C:\\Users\\msbal\\OneDrive\\Desktop\\ZIMO Tasks\\ZG-Laravel_Tasks\\crud_task\\vendor\\laravel\\framework\\src\\Illuminate\\View\\Factory.php(326): Illuminate\\View\\Engines\\EngineResolver->resolve('blade')
#10 C:\\Users\\msbal\\OneDrive\\Desktop\\ZIMO Tasks\\ZG-Laravel_Tasks\\crud_task\\vendor\\laravel\\framework\\src\\Illuminate\\View\\Factory.php(288): Illuminate\\View\\Factory->getEngineFromPath('C:\\\\Users\\\\msbal\\\\...')
#11 C:\\Users\\msbal\\OneDrive\\Desktop\\ZIMO Tasks\\ZG-Laravel_Tasks\\crud_task\\vendor\\laravel\\framework\\src\\Illuminate\\View\\Factory.php(160): Illuminate\\View\\Factory->viewInstance('students.create', 'C:\\\\Users\\\\msbal\\\\...', Array)
#12 C:\\Users\\msbal\\OneDrive\\Desktop\\ZIMO Tasks\\ZG-Laravel_Tasks\\crud_task\\vendor\\laravel\\framework\\src\\Illuminate\\Foundation\\helpers.php(1040): Illuminate\\View\\Factory->make('students.create', Array, Array)
#13 C:\\Users\\msbal\\OneDrive\\Desktop\\ZIMO Tasks\\ZG-Laravel_Tasks\\crud_task\\app\\Http\\Controllers\\StudentController.php(17): view('students.create')
#14 C:\\Users\\msbal\\OneDrive\\Desktop\\ZIMO Tasks\\ZG-Laravel_Tasks\\crud_task\\vendor\\laravel\\framework\\src\\Illuminate\\Routing\\ControllerDispatcher.php(46): App\\Http\\Controllers\\StudentController->create()
#15 C:\\Users\\msbal\\OneDrive\\Desktop\\ZIMO Tasks\\ZG-Laravel_Tasks\\crud_task\\vendor\\laravel\\framework\\src\\Illuminate\\Routing\\Route.php(260): Illuminate\\Routing\\ControllerDispatcher->dispatch(Object(Illuminate\\Routing\\Route), Object(App\\Http\\Controllers\\StudentController), 'create')
#16 C:\\Users\\msbal\\OneDrive\\Desktop\\ZIMO Tasks\\ZG-Laravel_Tasks\\crud_task\\vendor\\laravel\\framework\\src\\Illuminate\\Routing\\Route.php(206): Illuminate\\Routing\\Route->runController()
#17 C:\\Users\\msbal\\OneDrive\\Desktop\\ZIMO Tasks\\ZG-Laravel_Tasks\\crud_task\\vendor\\laravel\\framework\\src\\Illuminate\\Routing\\Router.php(806): Illuminate\\Routing\\Route->run()
#18 C:\\Users\\msbal\\OneDrive\\Desktop\\ZIMO Tasks\\ZG-Laravel_Tasks\\crud_task\\vendor\\laravel\\framework\\src\\Illuminate\\Pipeline\\Pipeline.php(144): Illuminate\\Routing\\Router->Illuminate\\Routing\\{closure}(Object(Illuminate\\Http\\Request))
#19 C:\\Users\\msbal\\OneDrive\\Desktop\\ZIMO Tasks\\ZG-Laravel_Tasks\\crud_task\\vendor\\laravel\\framework\\src\\Illuminate\\Routing\\Middleware\\SubstituteBindings.php(50): Illuminate\\Pipeline\\Pipeline->Illuminate\\Pipeline\\{closure}(Object(Illuminate\\Http\\Request))
#20 C:\\Users\\msbal\\OneDrive\\Desktop\\ZIMO Tasks\\ZG-Laravel_Tasks\\crud_task\\vendor\\laravel\\framework\\src\\Illuminate\\Pipeline\\Pipeline.php(183): Illuminate\\Routing\\Middleware\\SubstituteBindings->handle(Object(Illuminate\\Http\\Request), Object(Closure))
#21 C:\\Users\\msbal\\OneDrive\\Desktop\\ZIMO Tasks\\ZG-Laravel_Tasks\\crud_task\\vendor\\laravel\\framework\\src\\Illuminate\\Foundation\\Http\\Middleware\\VerifyCsrfToken.php(88): Illuminate\\Pipeline\\Pipeline->Illuminate\\Pipeline\\{closure}(Object(Illuminate\\Http\\Request))
#22 C:\\Users\\msbal\\OneDrive\\Desktop\\ZIMO Tasks\\ZG-Laravel_Tasks\\crud_task\\vendor\\laravel\\framework\\src\\Illuminate\\Pipeline\\Pipeline.php(183): Illuminate\\Foundation\\Http\\Middleware\\VerifyCsrfToken->handle(Object(Illuminate\\Http\\Request), Object(Closure))
#23 C:\\Users\\msbal\\OneDrive\\Desktop\\ZIMO Tasks\\ZG-Laravel_Tasks\\crud_task\\vendor\\laravel\\framework\\src\\Illuminate\\View\\Middleware\\ShareErrorsFromSession.php(49): Illuminate\\Pipeline\\Pipeline->Illuminate\\Pipeline\\{closure}(Object(Illuminate\\Http\\Request))
#24 C:\\Users\\msbal\\OneDrive\\Desktop\\ZIMO Tasks\\ZG-Laravel_Tasks\\crud_task\\vendor\\laravel\\framework\\src\\Illuminate\\Pipeline\\Pipeline.php(183): Illuminate\\View\\Middleware\\ShareErrorsFromSession->handle(Object(Illuminate\\Http\\Request), Object(Closure))
#25 C:\\Users\\msbal\\OneDrive\\Desktop\\ZIMO Tasks\\ZG-Laravel_Tasks\\crud_task\\vendor\\laravel\\framework\\src\\Illuminate\\Session\\Middleware\\StartSession.php(121): Illuminate\\Pipeline\\Pipeline->Illuminate\\Pipeline\\{closure}(Object(Illuminate\\Http\\Request))
#26 C:\\Users\\msbal\\OneDrive\\Desktop\\ZIMO Tasks\\ZG-Laravel_Tasks\\crud_task\\vendor\\laravel\\framework\\src\\Illuminate\\Session\\Middleware\\StartSession.php(64): Illuminate\\Session\\Middleware\\StartSession->handleStatefulRequest(Object(Illuminate\\Http\\Request), Object(Illuminate\\Session\\Store), Object(Closure))
#27 C:\\Users\\msbal\\OneDrive\\Desktop\\ZIMO Tasks\\ZG-Laravel_Tasks\\crud_task\\vendor\\laravel\\framework\\src\\Illuminate\\Pipeline\\Pipeline.php(183): Illuminate\\Session\\Middleware\\StartSession->handle(Object(Illuminate\\Http\\Request), Object(Closure))
#28 C:\\Users\\msbal\\OneDrive\\Desktop\\ZIMO Tasks\\ZG-Laravel_Tasks\\crud_task\\vendor\\laravel\\framework\\src\\Illuminate\\Cookie\\Middleware\\AddQueuedCookiesToResponse.php(37): Illuminate\\Pipeline\\Pipeline->Illuminate\\Pipeline\\{closure}(Object(Illuminate\\Http\\Request))
#29 C:\\Users\\msbal\\OneDrive\\Desktop\\ZIMO Tasks\\ZG-Laravel_Tasks\\crud_task\\vendor\\laravel\\framework\\src\\Illuminate\\Pipeline\\Pipeline.php(183): Illuminate\\Cookie\\Middleware\\AddQueuedCookiesToResponse->handle(Object(Illuminate\\Http\\Request), Object(Closure))
#30 C:\\Users\\msbal\\OneDrive\\Desktop\\ZIMO Tasks\\ZG-Laravel_Tasks\\crud_task\\vendor\\laravel\\framework\\src\\Illuminate\\Cookie\\Middleware\\EncryptCookies.php(75): Illuminate\\Pipeline\\Pipeline->Illuminate\\Pipeline\\{closure}(Object(Illuminate\\Http\\Request))
#31 C:\\Users\\msbal\\OneDrive\\Desktop\\ZIMO Tasks\\ZG-Laravel_Tasks\\crud_task\\vendor\\laravel\\framework\\src\\Illuminate\\Pipeline\\Pipeline.php(183): Illuminate\\Cookie\\Middleware\\EncryptCookies->handle(Object(Illuminate\\Http\\Request), Object(Closure))
#32 C:\\Users\\msbal\\OneDrive\\Desktop\\ZIMO Tasks\\ZG-Laravel_Tasks\\crud_task\\vendor\\laravel\\framework\\src\\Illuminate\\Pipeline\\Pipeline.php(119): Illuminate\\Pipeline\\Pipeline->Illuminate\\Pipeline\\{closure}(Object(Illuminate\\Http\\Request))
#33 C:\\Users\\msbal\\OneDrive\\Desktop\\ZIMO Tasks\\ZG-Laravel_Tasks\\crud_task\\vendor\\laravel\\framework\\src\\Illuminate\\Routing\\Router.php(805): Illuminate\\Pipeline\\Pipeline->then(Object(Closure))
#34 C:\\Users\\msbal\\OneDrive\\Desktop\\ZIMO Tasks\\ZG-Laravel_Tasks\\crud_task\\vendor\\laravel\\framework\\src\\Illuminate\\Routing\\Router.php(784): Illuminate\\Routing\\Router->runRouteWithinStack(Object(Illuminate\\Routing\\Route), Object(Illuminate\\Http\\Request))
#35 C:\\Users\\msbal\\OneDrive\\Desktop\\ZIMO Tasks\\ZG-Laravel_Tasks\\crud_task\\vendor\\laravel\\framework\\src\\Illuminate\\Routing\\Router.php(748): Illuminate\\Routing\\Router->runRoute(Object(Illuminate\\Http\\Request), Object(Illuminate\\Routing\\Route))
#36 C:\\Users\\msbal\\OneDrive\\Desktop\\ZIMO Tasks\\ZG-Laravel_Tasks\\crud_task\\vendor\\laravel\\framework\\src\\Illuminate\\Routing\\Router.php(737): Illuminate\\Routing\\Router->dispatchToRoute(Object(Illuminate\\Http\\Request))
#37 C:\\Users\\msbal\\OneDrive\\Desktop\\ZIMO Tasks\\ZG-Laravel_Tasks\\crud_task\\vendor\\laravel\\framework\\src\\Illuminate\\Foundation\\Http\\Kernel.php(200): Illuminate\\Routing\\Router->dispatch(Object(Illuminate\\Http\\Request))
#38 C:\\Users\\msbal\\OneDrive\\Desktop\\ZIMO Tasks\\ZG-Laravel_Tasks\\crud_task\\vendor\\laravel\\framework\\src\\Illuminate\\Pipeline\\Pipeline.php(144): Illuminate\\Foundation\\Http\\Kernel->Illuminate\\Foundation\\Http\\{closure}(Object(Illuminate\\Http\\Request))
#39 C:\\Users\\msbal\\OneDrive\\Desktop\\ZIMO Tasks\\ZG-Laravel_Tasks\\crud_task\\vendor\\laravel\\framework\\src\\Illuminate\\Foundation\\Http\\Middleware\\TransformsRequest.php(21): Illuminate\\Pipeline\\Pipeline->Illuminate\\Pipeline\\{closure}(Object(Illuminate\\Http\\Request))
#40 C:\\Users\\msbal\\OneDrive\\Desktop\\ZIMO Tasks\\ZG-Laravel_Tasks\\crud_task\\vendor\\laravel\\framework\\src\\Illuminate\\Foundation\\Http\\Middleware\\ConvertEmptyStringsToNull.php(31): Illuminate\\Foundation\\Http\\Middleware\\TransformsRequest->handle(Object(Illuminate\\Http\\Request), Object(Closure))
#41 C:\\Users\\msbal\\OneDrive\\Desktop\\ZIMO Tasks\\ZG-Laravel_Tasks\\crud_task\\vendor\\laravel\\framework\\src\\Illuminate\\Pipeline\\Pipeline.php(183): Illuminate\\Foundation\\Http\\Middleware\\ConvertEmptyStringsToNull->handle(Object(Illuminate\\Http\\Request), Object(Closure))
#42 C:\\Users\\msbal\\OneDrive\\Desktop\\ZIMO Tasks\\ZG-Laravel_Tasks\\crud_task\\vendor\\laravel\\framework\\src\\Illuminate\\Foundation\\Http\\Middleware\\TransformsRequest.php(21): Illuminate\\Pipeline\\Pipeline->Illuminate\\Pipeline\\{closure}(Object(Illuminate\\Http\\Request))
#43 C:\\Users\\msbal\\OneDrive\\Desktop\\ZIMO Tasks\\ZG-Laravel_Tasks\\crud_task\\vendor\\laravel\\framework\\src\\Illuminate\\Foundation\\Http\\Middleware\\TrimStrings.php(51): Illuminate\\Foundation\\Http\\Middleware\\TransformsRequest->handle(Object(Illuminate\\Http\\Request), Object(Closure))
#44 C:\\Users\\msbal\\OneDrive\\Desktop\\ZIMO Tasks\\ZG-Laravel_Tasks\\crud_task\\vendor\\laravel\\framework\\src\\Illuminate\\Pipeline\\Pipeline.php(183): Illuminate\\Foundation\\Http\\Middleware\\TrimStrings->handle(Object(Illuminate\\Http\\Request), Object(Closure))
#45 C:\\Users\\msbal\\OneDrive\\Desktop\\ZIMO Tasks\\ZG-Laravel_Tasks\\crud_task\\vendor\\laravel\\framework\\src\\Illuminate\\Http\\Middleware\\ValidatePostSize.php(27): Illuminate\\Pipeline\\Pipeline->Illuminate\\Pipeline\\{closure}(Object(Illuminate\\Http\\Request))
#46 C:\\Users\\msbal\\OneDrive\\Desktop\\ZIMO Tasks\\ZG-Laravel_Tasks\\crud_task\\vendor\\laravel\\framework\\src\\Illuminate\\Pipeline\\Pipeline.php(183): Illuminate\\Http\\Middleware\\ValidatePostSize->handle(Object(Illuminate\\Http\\Request), Object(Closure))
#47 C:\\Users\\msbal\\OneDrive\\Desktop\\ZIMO Tasks\\ZG-Laravel_Tasks\\crud_task\\vendor\\laravel\\framework\\src\\Illuminate\\Foundation\\Http\\Middleware\\PreventRequestsDuringMaintenance.php(110): Illuminate\\Pipeline\\Pipeline->Illuminate\\Pipeline\\{closure}(Object(Illuminate\\Http\\Request))
#48 C:\\Users\\msbal\\OneDrive\\Desktop\\ZIMO Tasks\\ZG-Laravel_Tasks\\crud_task\\vendor\\laravel\\framework\\src\\Illuminate\\Pipeline\\Pipeline.php(183): Illuminate\\Foundation\\Http\\Middleware\\PreventRequestsDuringMaintenance->handle(Object(Illuminate\\Http\\Request), Object(Closure))
#49 C:\\Users\\msbal\\OneDrive\\Desktop\\ZIMO Tasks\\ZG-Laravel_Tasks\\crud_task\\vendor\\laravel\\framework\\src\\Illuminate\\Http\\Middleware\\HandleCors.php(49): Illuminate\\Pipeline\\Pipeline->Illuminate\\Pipeline\\{closure}(Object(Illuminate\\Http\\Request))
#50 C:\\Users\\msbal\\OneDrive\\Desktop\\ZIMO Tasks\\ZG-Laravel_Tasks\\crud_task\\vendor\\laravel\\framework\\src\\Illuminate\\Pipeline\\Pipeline.php(183): Illuminate\\Http\\Middleware\\HandleCors->handle(Object(Illuminate\\Http\\Request), Object(Closure))
#51 C:\\Users\\msbal\\OneDrive\\Desktop\\ZIMO Tasks\\ZG-Laravel_Tasks\\crud_task\\vendor\\laravel\\framework\\src\\Illuminate\\Http\\Middleware\\TrustProxies.php(57): Illuminate\\Pipeline\\Pipeline->Illuminate\\Pipeline\\{closure}(Object(Illuminate\\Http\\Request))
#52 C:\\Users\\msbal\\OneDrive\\Desktop\\ZIMO Tasks\\ZG-Laravel_Tasks\\crud_task\\vendor\\laravel\\framework\\src\\Illuminate\\Pipeline\\Pipeline.php(183): Illuminate\\Http\\Middleware\\TrustProxies->handle(Object(Illuminate\\Http\\Request), Object(Closure))
#53 C:\\Users\\msbal\\OneDrive\\Desktop\\ZIMO Tasks\\ZG-Laravel_Tasks\\crud_task\\vendor\\laravel\\framework\\src\\Illuminate\\Pipeline\\Pipeline.php(119): Illuminate\\Pipeline\\Pipeline->Illuminate\\Pipeline\\{closure}(Object(Illuminate\\Http\\Request))
#54 C:\\Users\\msbal\\OneDrive\\Desktop\\ZIMO Tasks\\ZG-Laravel_Tasks\\crud_task\\vendor\\laravel\\framework\\src\\Illuminate\\Foundation\\Http\\Kernel.php(175): Illuminate\\Pipeline\\Pipeline->then(Object(Closure))
#55 C:\\Users\\msbal\\OneDrive\\Desktop\\ZIMO Tasks\\ZG-Laravel_Tasks\\crud_task\\vendor\\laravel\\framework\\src\\Illuminate\\Foundation\\Http\\Kernel.php(144): Illuminate\\Foundation\\Http\\Kernel->sendRequestThroughRouter(Object(Illuminate\\Http\\Request))
#56 C:\\Users\\msbal\\OneDrive\\Desktop\\ZIMO Tasks\\ZG-Laravel_Tasks\\crud_task\\vendor\\laravel\\framework\\src\\Illuminate\\Foundation\\Application.php(1176): Illuminate\\Foundation\\Http\\Kernel->handle(Object(Illuminate\\Http\\Request))
#57 C:\\Users\\msbal\\OneDrive\\Desktop\\ZIMO Tasks\\ZG-Laravel_Tasks\\crud_task\\public\\index.php(17): Illuminate\\Foundation\\Application->handleRequest(Object(Illuminate\\Http\\Request))
#58 C:\\Users\\msbal\\OneDrive\\Desktop\\ZIMO Tasks\\ZG-Laravel_Tasks\\crud_task\\vendor\\laravel\\framework\\src\\Illuminate\\Foundation\\resources\\server.php(16): require_once('C:\\\\Users\\\\msbal\\\\...')
#59 {main}
"} 
[2024-06-04 11:38:46] local.ERROR: View path not found. {"exception":"[object] (RuntimeException(code: 0): View path not found. at C:\\Users\\msbal\\OneDrive\\Desktop\\ZIMO Tasks\\ZG-Laravel_Tasks\\crud_task\\vendor\\laravel\\framework\\src\\Illuminate\\Foundation\\Console\\ViewClearCommand.php:59)
[stacktrace]
#0 C:\\Users\\msbal\\OneDrive\\Desktop\\ZIMO Tasks\\ZG-Laravel_Tasks\\crud_task\\vendor\\laravel\\framework\\src\\Illuminate\\Container\\BoundMethod.php(36): Illuminate\\Foundation\\Console\\ViewClearCommand->handle()
#1 C:\\Users\\msbal\\OneDrive\\Desktop\\ZIMO Tasks\\ZG-Laravel_Tasks\\crud_task\\vendor\\laravel\\framework\\src\\Illuminate\\Container\\Util.php(41): Illuminate\\Container\\BoundMethod::Illuminate\\Container\\{closure}()
#2 C:\\Users\\msbal\\OneDrive\\Desktop\\ZIMO Tasks\\ZG-Laravel_Tasks\\crud_task\\vendor\\laravel\\framework\\src\\Illuminate\\Container\\BoundMethod.php(93): Illuminate\\Container\\Util::unwrapIfClosure(Object(Closure))
#3 C:\\Users\\msbal\\OneDrive\\Desktop\\ZIMO Tasks\\ZG-Laravel_Tasks\\crud_task\\vendor\\laravel\\framework\\src\\Illuminate\\Container\\BoundMethod.php(35): Illuminate\\Container\\BoundMethod::callBoundMethod(Object(Illuminate\\Foundation\\Application), Array, Object(Closure))
#4 C:\\Users\\msbal\\OneDrive\\Desktop\\ZIMO Tasks\\ZG-Laravel_Tasks\\crud_task\\vendor\\laravel\\framework\\src\\Illuminate\\Container\\Container.php(662): Illuminate\\Container\\BoundMethod::call(Object(Illuminate\\Foundation\\Application), Array, Array, NULL)
#5 C:\\Users\\msbal\\OneDrive\\Desktop\\ZIMO Tasks\\ZG-Laravel_Tasks\\crud_task\\vendor\\laravel\\framework\\src\\Illuminate\\Console\\Command.php(213): Illuminate\\Container\\Container->call(Array)
#6 C:\\Users\\msbal\\OneDrive\\Desktop\\ZIMO Tasks\\ZG-Laravel_Tasks\\crud_task\\vendor\\symfony\\console\\Command\\Command.php(279): Illuminate\\Console\\Command->execute(Object(Symfony\\Component\\Console\\Input\\ArgvInput), Object(Illuminate\\Console\\OutputStyle))
#7 C:\\Users\\msbal\\OneDrive\\Desktop\\ZIMO Tasks\\ZG-Laravel_Tasks\\crud_task\\vendor\\laravel\\framework\\src\\Illuminate\\Console\\Command.php(182): Symfony\\Component\\Console\\Command\\Command->run(Object(Symfony\\Component\\Console\\Input\\ArgvInput), Object(Illuminate\\Console\\OutputStyle))
#8 C:\\Users\\msbal\\OneDrive\\Desktop\\ZIMO Tasks\\ZG-Laravel_Tasks\\crud_task\\vendor\\symfony\\console\\Application.php(1047): Illuminate\\Console\\Command->run(Object(Symfony\\Component\\Console\\Input\\ArgvInput), Object(Symfony\\Component\\Console\\Output\\ConsoleOutput))
#9 C:\\Users\\msbal\\OneDrive\\Desktop\\ZIMO Tasks\\ZG-Laravel_Tasks\\crud_task\\vendor\\symfony\\console\\Application.php(316): Symfony\\Component\\Console\\Application->doRunCommand(Object(Illuminate\\Foundation\\Console\\ViewClearCommand), Object(Symfony\\Component\\Console\\Input\\ArgvInput), Object(Symfony\\Component\\Console\\Output\\ConsoleOutput))
#10 C:\\Users\\msbal\\OneDrive\\Desktop\\ZIMO Tasks\\ZG-Laravel_Tasks\\crud_task\\vendor\\symfony\\console\\Application.php(167): Symfony\\Component\\Console\\Application->doRun(Object(Symfony\\Component\\Console\\Input\\ArgvInput), Object(Symfony\\Component\\Console\\Output\\ConsoleOutput))
#11 C:\\Users\\msbal\\OneDrive\\Desktop\\ZIMO Tasks\\ZG-Laravel_Tasks\\crud_task\\vendor\\laravel\\framework\\src\\Illuminate\\Foundation\\Console\\Kernel.php(196): Symfony\\Component\\Console\\Application->run(Object(Symfony\\Component\\Console\\Input\\ArgvInput), Object(Symfony\\Component\\Console\\Output\\ConsoleOutput))
#12 C:\\Users\\msbal\\OneDrive\\Desktop\\ZIMO Tasks\\ZG-Laravel_Tasks\\crud_task\\vendor\\laravel\\framework\\src\\Illuminate\\Foundation\\Application.php(1191): Illuminate\\Foundation\\Console\\Kernel->handle(Object(Symfony\\Component\\Console\\Input\\ArgvInput), Object(Symfony\\Component\\Console\\Output\\ConsoleOutput))
#13 C:\\Users\\msbal\\OneDrive\\Desktop\\ZIMO Tasks\\ZG-Laravel_Tasks\\crud_task\\artisan(13): Illuminate\\Foundation\\Application->handleCommand(Object(Symfony\\Component\\Console\\Input\\ArgvInput))
#14 {main}
"} 
[2024-06-04 11:39:01] local.ERROR: Please provide a valid cache path. {"exception":"[object] (InvalidArgumentException(code: 0): Please provide a valid cache path. at C:\\Users\\msbal\\OneDrive\\Desktop\\ZIMO Tasks\\ZG-Laravel_Tasks\\crud_task\\vendor\\laravel\\framework\\src\\Illuminate\\View\\Compilers\\Compiler.php:67)
[stacktrace]
#0 C:\\Users\\msbal\\OneDrive\\Desktop\\ZIMO Tasks\\ZG-Laravel_Tasks\\crud_task\\vendor\\laravel\\framework\\src\\Illuminate\\View\\ViewServiceProvider.php(97): Illuminate\\View\\Compilers\\Compiler->__construct(Object(Illuminate\\Filesystem\\Filesystem), false, '', true, 'php')
#1 C:\\Users\\msbal\\OneDrive\\Desktop\\ZIMO Tasks\\ZG-Laravel_Tasks\\crud_task\\vendor\\laravel\\framework\\src\\Illuminate\\Container\\Container.php(900): Illuminate\\View\\ViewServiceProvider->Illuminate\\View\\{closure}(Object(Illuminate\\Foundation\\Application), Array)
#2 C:\\Users\\msbal\\OneDrive\\Desktop\\ZIMO Tasks\\ZG-Laravel_Tasks\\crud_task\\vendor\\laravel\\framework\\src\\Illuminate\\Container\\Container.php(787): Illuminate\\Container\\Container->build(Object(Closure))
#3 C:\\Users\\msbal\\OneDrive\\Desktop\\ZIMO Tasks\\ZG-Laravel_Tasks\\crud_task\\vendor\\laravel\\framework\\src\\Illuminate\\Foundation\\Application.php(1034): Illuminate\\Container\\Container->resolve('blade.compiler', Array, true)
#4 C:\\Users\\msbal\\OneDrive\\Desktop\\ZIMO Tasks\\ZG-Laravel_Tasks\\crud_task\\vendor\\laravel\\framework\\src\\Illuminate\\Container\\Container.php(723): Illuminate\\Foundation\\Application->resolve('blade.compiler', Array)
#5 C:\\Users\\msbal\\OneDrive\\Desktop\\ZIMO Tasks\\ZG-Laravel_Tasks\\crud_task\\vendor\\laravel\\framework\\src\\Illuminate\\Foundation\\Application.php(1019): Illuminate\\Container\\Container->make('blade.compiler', Array)
#6 C:\\Users\\msbal\\OneDrive\\Desktop\\ZIMO Tasks\\ZG-Laravel_Tasks\\crud_task\\vendor\\laravel\\framework\\src\\Illuminate\\View\\ViewServiceProvider.php(168): Illuminate\\Foundation\\Application->make('blade.compiler')
#7 [internal function]: Illuminate\\View\\ViewServiceProvider->Illuminate\\View\\{closure}()
#8 C:\\Users\\msbal\\OneDrive\\Desktop\\ZIMO Tasks\\ZG-Laravel_Tasks\\crud_task\\vendor\\laravel\\framework\\src\\Illuminate\\View\\Engines\\EngineResolver.php(55): call_user_func(Object(Closure))
#9 C:\\Users\\msbal\\OneDrive\\Desktop\\ZIMO Tasks\\ZG-Laravel_Tasks\\crud_task\\vendor\\laravel\\framework\\src\\Illuminate\\View\\Factory.php(326): Illuminate\\View\\Engines\\EngineResolver->resolve('blade')
#10 C:\\Users\\msbal\\OneDrive\\Desktop\\ZIMO Tasks\\ZG-Laravel_Tasks\\crud_task\\vendor\\laravel\\framework\\src\\Illuminate\\View\\Factory.php(288): Illuminate\\View\\Factory->getEngineFromPath('C:\\\\Users\\\\msbal\\\\...')
#11 C:\\Users\\msbal\\OneDrive\\Desktop\\ZIMO Tasks\\ZG-Laravel_Tasks\\crud_task\\vendor\\laravel\\framework\\src\\Illuminate\\View\\Factory.php(160): Illuminate\\View\\Factory->viewInstance('students.index', 'C:\\\\Users\\\\msbal\\\\...', Array)
#12 C:\\Users\\msbal\\OneDrive\\Desktop\\ZIMO Tasks\\ZG-Laravel_Tasks\\crud_task\\vendor\\laravel\\framework\\src\\Illuminate\\Foundation\\helpers.php(1040): Illuminate\\View\\Factory->make('students.index', Array, Array)
#13 C:\\Users\\msbal\\OneDrive\\Desktop\\ZIMO Tasks\\ZG-Laravel_Tasks\\crud_task\\app\\Http\\Controllers\\StudentController.php(14): view('students.index', Array)
#14 C:\\Users\\msbal\\OneDrive\\Desktop\\ZIMO Tasks\\ZG-Laravel_Tasks\\crud_task\\vendor\\laravel\\framework\\src\\Illuminate\\Routing\\ControllerDispatcher.php(46): App\\Http\\Controllers\\StudentController->index()
#15 C:\\Users\\msbal\\OneDrive\\Desktop\\ZIMO Tasks\\ZG-Laravel_Tasks\\crud_task\\vendor\\laravel\\framework\\src\\Illuminate\\Routing\\Route.php(260): Illuminate\\Routing\\ControllerDispatcher->dispatch(Object(Illuminate\\Routing\\Route), Object(App\\Http\\Controllers\\StudentController), 'index')
#16 C:\\Users\\msbal\\OneDrive\\Desktop\\ZIMO Tasks\\ZG-Laravel_Tasks\\crud_task\\vendor\\laravel\\framework\\src\\Illuminate\\Routing\\Route.php(206): Illuminate\\Routing\\Route->runController()
#17 C:\\Users\\msbal\\OneDrive\\Desktop\\ZIMO Tasks\\ZG-Laravel_Tasks\\crud_task\\vendor\\laravel\\framework\\src\\Illuminate\\Routing\\Router.php(806): Illuminate\\Routing\\Route->run()
#18 C:\\Users\\msbal\\OneDrive\\Desktop\\ZIMO Tasks\\ZG-Laravel_Tasks\\crud_task\\vendor\\laravel\\framework\\src\\Illuminate\\Pipeline\\Pipeline.php(144): Illuminate\\Routing\\Router->Illuminate\\Routing\\{closure}(Object(Illuminate\\Http\\Request))
#19 C:\\Users\\msbal\\OneDrive\\Desktop\\ZIMO Tasks\\ZG-Laravel_Tasks\\crud_task\\vendor\\laravel\\framework\\src\\Illuminate\\Routing\\Middleware\\SubstituteBindings.php(50): Illuminate\\Pipeline\\Pipeline->Illuminate\\Pipeline\\{closure}(Object(Illuminate\\Http\\Request))
#20 C:\\Users\\msbal\\OneDrive\\Desktop\\ZIMO Tasks\\ZG-Laravel_Tasks\\crud_task\\vendor\\laravel\\framework\\src\\Illuminate\\Pipeline\\Pipeline.php(183): Illuminate\\Routing\\Middleware\\SubstituteBindings->handle(Object(Illuminate\\Http\\Request), Object(Closure))
#21 C:\\Users\\msbal\\OneDrive\\Desktop\\ZIMO Tasks\\ZG-Laravel_Tasks\\crud_task\\vendor\\laravel\\framework\\src\\Illuminate\\Foundation\\Http\\Middleware\\VerifyCsrfToken.php(88): Illuminate\\Pipeline\\Pipeline->Illuminate\\Pipeline\\{closure}(Object(Illuminate\\Http\\Request))
#22 C:\\Users\\msbal\\OneDrive\\Desktop\\ZIMO Tasks\\ZG-Laravel_Tasks\\crud_task\\vendor\\laravel\\framework\\src\\Illuminate\\Pipeline\\Pipeline.php(183): Illuminate\\Foundation\\Http\\Middleware\\VerifyCsrfToken->handle(Object(Illuminate\\Http\\Request), Object(Closure))
#23 C:\\Users\\msbal\\OneDrive\\Desktop\\ZIMO Tasks\\ZG-Laravel_Tasks\\crud_task\\vendor\\laravel\\framework\\src\\Illuminate\\View\\Middleware\\ShareErrorsFromSession.php(49): Illuminate\\Pipeline\\Pipeline->Illuminate\\Pipeline\\{closure}(Object(Illuminate\\Http\\Request))
#24 C:\\Users\\msbal\\OneDrive\\Desktop\\ZIMO Tasks\\ZG-Laravel_Tasks\\crud_task\\vendor\\laravel\\framework\\src\\Illuminate\\Pipeline\\Pipeline.php(183): Illuminate\\View\\Middleware\\ShareErrorsFromSession->handle(Object(Illuminate\\Http\\Request), Object(Closure))
#25 C:\\Users\\msbal\\OneDrive\\Desktop\\ZIMO Tasks\\ZG-Laravel_Tasks\\crud_task\\vendor\\laravel\\framework\\src\\Illuminate\\Session\\Middleware\\StartSession.php(121): Illuminate\\Pipeline\\Pipeline->Illuminate\\Pipeline\\{closure}(Object(Illuminate\\Http\\Request))
#26 C:\\Users\\msbal\\OneDrive\\Desktop\\ZIMO Tasks\\ZG-Laravel_Tasks\\crud_task\\vendor\\laravel\\framework\\src\\Illuminate\\Session\\Middleware\\StartSession.php(64): Illuminate\\Session\\Middleware\\StartSession->handleStatefulRequest(Object(Illuminate\\Http\\Request), Object(Illuminate\\Session\\Store), Object(Closure))
#27 C:\\Users\\msbal\\OneDrive\\Desktop\\ZIMO Tasks\\ZG-Laravel_Tasks\\crud_task\\vendor\\laravel\\framework\\src\\Illuminate\\Pipeline\\Pipeline.php(183): Illuminate\\Session\\Middleware\\StartSession->handle(Object(Illuminate\\Http\\Request), Object(Closure))
#28 C:\\Users\\msbal\\OneDrive\\Desktop\\ZIMO Tasks\\ZG-Laravel_Tasks\\crud_task\\vendor\\laravel\\framework\\src\\Illuminate\\Cookie\\Middleware\\AddQueuedCookiesToResponse.php(37): Illuminate\\Pipeline\\Pipeline->Illuminate\\Pipeline\\{closure}(Object(Illuminate\\Http\\Request))
#29 C:\\Users\\msbal\\OneDrive\\Desktop\\ZIMO Tasks\\ZG-Laravel_Tasks\\crud_task\\vendor\\laravel\\framework\\src\\Illuminate\\Pipeline\\Pipeline.php(183): Illuminate\\Cookie\\Middleware\\AddQueuedCookiesToResponse->handle(Object(Illuminate\\Http\\Request), Object(Closure))
#30 C:\\Users\\msbal\\OneDrive\\Desktop\\ZIMO Tasks\\ZG-Laravel_Tasks\\crud_task\\vendor\\laravel\\framework\\src\\Illuminate\\Cookie\\Middleware\\EncryptCookies.php(75): Illuminate\\Pipeline\\Pipeline->Illuminate\\Pipeline\\{closure}(Object(Illuminate\\Http\\Request))
#31 C:\\Users\\msbal\\OneDrive\\Desktop\\ZIMO Tasks\\ZG-Laravel_Tasks\\crud_task\\vendor\\laravel\\framework\\src\\Illuminate\\Pipeline\\Pipeline.php(183): Illuminate\\Cookie\\Middleware\\EncryptCookies->handle(Object(Illuminate\\Http\\Request), Object(Closure))
#32 C:\\Users\\msbal\\OneDrive\\Desktop\\ZIMO Tasks\\ZG-Laravel_Tasks\\crud_task\\vendor\\laravel\\framework\\src\\Illuminate\\Pipeline\\Pipeline.php(119): Illuminate\\Pipeline\\Pipeline->Illuminate\\Pipeline\\{closure}(Object(Illuminate\\Http\\Request))
#33 C:\\Users\\msbal\\OneDrive\\Desktop\\ZIMO Tasks\\ZG-Laravel_Tasks\\crud_task\\vendor\\laravel\\framework\\src\\Illuminate\\Routing\\Router.php(805): Illuminate\\Pipeline\\Pipeline->then(Object(Closure))
#34 C:\\Users\\msbal\\OneDrive\\Desktop\\ZIMO Tasks\\ZG-Laravel_Tasks\\crud_task\\vendor\\laravel\\framework\\src\\Illuminate\\Routing\\Router.php(784): Illuminate\\Routing\\Router->runRouteWithinStack(Object(Illuminate\\Routing\\Route), Object(Illuminate\\Http\\Request))
#35 C:\\Users\\msbal\\OneDrive\\Desktop\\ZIMO Tasks\\ZG-Laravel_Tasks\\crud_task\\vendor\\laravel\\framework\\src\\Illuminate\\Routing\\Router.php(748): Illuminate\\Routing\\Router->runRoute(Object(Illuminate\\Http\\Request), Object(Illuminate\\Routing\\Route))
#36 C:\\Users\\msbal\\OneDrive\\Desktop\\ZIMO Tasks\\ZG-Laravel_Tasks\\crud_task\\vendor\\laravel\\framework\\src\\Illuminate\\Routing\\Router.php(737): Illuminate\\Routing\\Router->dispatchToRoute(Object(Illuminate\\Http\\Request))
#37 C:\\Users\\msbal\\OneDrive\\Desktop\\ZIMO Tasks\\ZG-Laravel_Tasks\\crud_task\\vendor\\laravel\\framework\\src\\Illuminate\\Foundation\\Http\\Kernel.php(200): Illuminate\\Routing\\Router->dispatch(Object(Illuminate\\Http\\Request))
#38 C:\\Users\\msbal\\OneDrive\\Desktop\\ZIMO Tasks\\ZG-Laravel_Tasks\\crud_task\\vendor\\laravel\\framework\\src\\Illuminate\\Pipeline\\Pipeline.php(144): Illuminate\\Foundation\\Http\\Kernel->Illuminate\\Foundation\\Http\\{closure}(Object(Illuminate\\Http\\Request))
#39 C:\\Users\\msbal\\OneDrive\\Desktop\\ZIMO Tasks\\ZG-Laravel_Tasks\\crud_task\\vendor\\laravel\\framework\\src\\Illuminate\\Foundation\\Http\\Middleware\\TransformsRequest.php(21): Illuminate\\Pipeline\\Pipeline->Illuminate\\Pipeline\\{closure}(Object(Illuminate\\Http\\Request))
#40 C:\\Users\\msbal\\OneDrive\\Desktop\\ZIMO Tasks\\ZG-Laravel_Tasks\\crud_task\\vendor\\laravel\\framework\\src\\Illuminate\\Foundation\\Http\\Middleware\\ConvertEmptyStringsToNull.php(31): Illuminate\\Foundation\\Http\\Middleware\\TransformsRequest->handle(Object(Illuminate\\Http\\Request), Object(Closure))
#41 C:\\Users\\msbal\\OneDrive\\Desktop\\ZIMO Tasks\\ZG-Laravel_Tasks\\crud_task\\vendor\\laravel\\framework\\src\\Illuminate\\Pipeline\\Pipeline.php(183): Illuminate\\Foundation\\Http\\Middleware\\ConvertEmptyStringsToNull->handle(Object(Illuminate\\Http\\Request), Object(Closure))
#42 C:\\Users\\msbal\\OneDrive\\Desktop\\ZIMO Tasks\\ZG-Laravel_Tasks\\crud_task\\vendor\\laravel\\framework\\src\\Illuminate\\Foundation\\Http\\Middleware\\TransformsRequest.php(21): Illuminate\\Pipeline\\Pipeline->Illuminate\\Pipeline\\{closure}(Object(Illuminate\\Http\\Request))
#43 C:\\Users\\msbal\\OneDrive\\Desktop\\ZIMO Tasks\\ZG-Laravel_Tasks\\crud_task\\vendor\\laravel\\framework\\src\\Illuminate\\Foundation\\Http\\Middleware\\TrimStrings.php(51): Illuminate\\Foundation\\Http\\Middleware\\TransformsRequest->handle(Object(Illuminate\\Http\\Request), Object(Closure))
#44 C:\\Users\\msbal\\OneDrive\\Desktop\\ZIMO Tasks\\ZG-Laravel_Tasks\\crud_task\\vendor\\laravel\\framework\\src\\Illuminate\\Pipeline\\Pipeline.php(183): Illuminate\\Foundation\\Http\\Middleware\\TrimStrings->handle(Object(Illuminate\\Http\\Request), Object(Closure))
#45 C:\\Users\\msbal\\OneDrive\\Desktop\\ZIMO Tasks\\ZG-Laravel_Tasks\\crud_task\\vendor\\laravel\\framework\\src\\Illuminate\\Http\\Middleware\\ValidatePostSize.php(27): Illuminate\\Pipeline\\Pipeline->Illuminate\\Pipeline\\{closure}(Object(Illuminate\\Http\\Request))
#46 C:\\Users\\msbal\\OneDrive\\Desktop\\ZIMO Tasks\\ZG-Laravel_Tasks\\crud_task\\vendor\\laravel\\framework\\src\\Illuminate\\Pipeline\\Pipeline.php(183): Illuminate\\Http\\Middleware\\ValidatePostSize->handle(Object(Illuminate\\Http\\Request), Object(Closure))
#47 C:\\Users\\msbal\\OneDrive\\Desktop\\ZIMO Tasks\\ZG-Laravel_Tasks\\crud_task\\vendor\\laravel\\framework\\src\\Illuminate\\Foundation\\Http\\Middleware\\PreventRequestsDuringMaintenance.php(110): Illuminate\\Pipeline\\Pipeline->Illuminate\\Pipeline\\{closure}(Object(Illuminate\\Http\\Request))
#48 C:\\Users\\msbal\\OneDrive\\Desktop\\ZIMO Tasks\\ZG-Laravel_Tasks\\crud_task\\vendor\\laravel\\framework\\src\\Illuminate\\Pipeline\\Pipeline.php(183): Illuminate\\Foundation\\Http\\Middleware\\PreventRequestsDuringMaintenance->handle(Object(Illuminate\\Http\\Request), Object(Closure))
#49 C:\\Users\\msbal\\OneDrive\\Desktop\\ZIMO Tasks\\ZG-Laravel_Tasks\\crud_task\\vendor\\laravel\\framework\\src\\Illuminate\\Http\\Middleware\\HandleCors.php(49): Illuminate\\Pipeline\\Pipeline->Illuminate\\Pipeline\\{closure}(Object(Illuminate\\Http\\Request))
#50 C:\\Users\\msbal\\OneDrive\\Desktop\\ZIMO Tasks\\ZG-Laravel_Tasks\\crud_task\\vendor\\laravel\\framework\\src\\Illuminate\\Pipeline\\Pipeline.php(183): Illuminate\\Http\\Middleware\\HandleCors->handle(Object(Illuminate\\Http\\Request), Object(Closure))
#51 C:\\Users\\msbal\\OneDrive\\Desktop\\ZIMO Tasks\\ZG-Laravel_Tasks\\crud_task\\vendor\\laravel\\framework\\src\\Illuminate\\Http\\Middleware\\TrustProxies.php(57): Illuminate\\Pipeline\\Pipeline->Illuminate\\Pipeline\\{closure}(Object(Illuminate\\Http\\Request))
#52 C:\\Users\\msbal\\OneDrive\\Desktop\\ZIMO Tasks\\ZG-Laravel_Tasks\\crud_task\\vendor\\laravel\\framework\\src\\Illuminate\\Pipeline\\Pipeline.php(183): Illuminate\\Http\\Middleware\\TrustProxies->handle(Object(Illuminate\\Http\\Request), Object(Closure))
#53 C:\\Users\\msbal\\OneDrive\\Desktop\\ZIMO Tasks\\ZG-Laravel_Tasks\\crud_task\\vendor\\laravel\\framework\\src\\Illuminate\\Pipeline\\Pipeline.php(119): Illuminate\\Pipeline\\Pipeline->Illuminate\\Pipeline\\{closure}(Object(Illuminate\\Http\\Request))
#54 C:\\Users\\msbal\\OneDrive\\Desktop\\ZIMO Tasks\\ZG-Laravel_Tasks\\crud_task\\vendor\\laravel\\framework\\src\\Illuminate\\Foundation\\Http\\Kernel.php(175): Illuminate\\Pipeline\\Pipeline->then(Object(Closure))
#55 C:\\Users\\msbal\\OneDrive\\Desktop\\ZIMO Tasks\\ZG-Laravel_Tasks\\crud_task\\vendor\\laravel\\framework\\src\\Illuminate\\Foundation\\Http\\Kernel.php(144): Illuminate\\Foundation\\Http\\Kernel->sendRequestThroughRouter(Object(Illuminate\\Http\\Request))
#56 C:\\Users\\msbal\\OneDrive\\Desktop\\ZIMO Tasks\\ZG-Laravel_Tasks\\crud_task\\vendor\\laravel\\framework\\src\\Illuminate\\Foundation\\Application.php(1176): Illuminate\\Foundation\\Http\\Kernel->handle(Object(Illuminate\\Http\\Request))
#57 C:\\Users\\msbal\\OneDrive\\Desktop\\ZIMO Tasks\\ZG-Laravel_Tasks\\crud_task\\public\\index.php(17): Illuminate\\Foundation\\Application->handleRequest(Object(Illuminate\\Http\\Request))
#58 C:\\Users\\msbal\\OneDrive\\Desktop\\ZIMO Tasks\\ZG-Laravel_Tasks\\crud_task\\vendor\\laravel\\framework\\src\\Illuminate\\Foundation\\resources\\server.php(16): require_once('C:\\\\Users\\\\msbal\\\\...')
#59 {main}
"} 
[2024-06-04 11:39:55] local.ERROR: Please provide a valid cache path. {"exception":"[object] (InvalidArgumentException(code: 0): Please provide a valid cache path. at C:\\Users\\msbal\\OneDrive\\Desktop\\ZIMO Tasks\\ZG-Laravel_Tasks\\crud_task\\vendor\\laravel\\framework\\src\\Illuminate\\View\\Compilers\\Compiler.php:67)
[stacktrace]
#0 C:\\Users\\msbal\\OneDrive\\Desktop\\ZIMO Tasks\\ZG-Laravel_Tasks\\crud_task\\vendor\\laravel\\framework\\src\\Illuminate\\View\\ViewServiceProvider.php(97): Illuminate\\View\\Compilers\\Compiler->__construct(Object(Illuminate\\Filesystem\\Filesystem), false, '', true, 'php')
#1 C:\\Users\\msbal\\OneDrive\\Desktop\\ZIMO Tasks\\ZG-Laravel_Tasks\\crud_task\\vendor\\laravel\\framework\\src\\Illuminate\\Container\\Container.php(900): Illuminate\\View\\ViewServiceProvider->Illuminate\\View\\{closure}(Object(Illuminate\\Foundation\\Application), Array)
#2 C:\\Users\\msbal\\OneDrive\\Desktop\\ZIMO Tasks\\ZG-Laravel_Tasks\\crud_task\\vendor\\laravel\\framework\\src\\Illuminate\\Container\\Container.php(787): Illuminate\\Container\\Container->build(Object(Closure))
#3 C:\\Users\\msbal\\OneDrive\\Desktop\\ZIMO Tasks\\ZG-Laravel_Tasks\\crud_task\\vendor\\laravel\\framework\\src\\Illuminate\\Foundation\\Application.php(1034): Illuminate\\Container\\Container->resolve('blade.compiler', Array, true)
#4 C:\\Users\\msbal\\OneDrive\\Desktop\\ZIMO Tasks\\ZG-Laravel_Tasks\\crud_task\\vendor\\laravel\\framework\\src\\Illuminate\\Container\\Container.php(723): Illuminate\\Foundation\\Application->resolve('blade.compiler', Array)
#5 C:\\Users\\msbal\\OneDrive\\Desktop\\ZIMO Tasks\\ZG-Laravel_Tasks\\crud_task\\vendor\\laravel\\framework\\src\\Illuminate\\Foundation\\Application.php(1019): Illuminate\\Container\\Container->make('blade.compiler', Array)
#6 C:\\Users\\msbal\\OneDrive\\Desktop\\ZIMO Tasks\\ZG-Laravel_Tasks\\crud_task\\vendor\\laravel\\framework\\src\\Illuminate\\View\\ViewServiceProvider.php(168): Illuminate\\Foundation\\Application->make('blade.compiler')
#7 [internal function]: Illuminate\\View\\ViewServiceProvider->Illuminate\\View\\{closure}()
#8 C:\\Users\\msbal\\OneDrive\\Desktop\\ZIMO Tasks\\ZG-Laravel_Tasks\\crud_task\\vendor\\laravel\\framework\\src\\Illuminate\\View\\Engines\\EngineResolver.php(55): call_user_func(Object(Closure))
#9 C:\\Users\\msbal\\OneDrive\\Desktop\\ZIMO Tasks\\ZG-Laravel_Tasks\\crud_task\\vendor\\laravel\\framework\\src\\Illuminate\\View\\Factory.php(326): Illuminate\\View\\Engines\\EngineResolver->resolve('blade')
#10 C:\\Users\\msbal\\OneDrive\\Desktop\\ZIMO Tasks\\ZG-Laravel_Tasks\\crud_task\\vendor\\laravel\\framework\\src\\Illuminate\\View\\Factory.php(288): Illuminate\\View\\Factory->getEngineFromPath('C:\\\\Users\\\\msbal\\\\...')
#11 C:\\Users\\msbal\\OneDrive\\Desktop\\ZIMO Tasks\\ZG-Laravel_Tasks\\crud_task\\vendor\\laravel\\framework\\src\\Illuminate\\View\\Factory.php(160): Illuminate\\View\\Factory->viewInstance('students.index', 'C:\\\\Users\\\\msbal\\\\...', Array)
#12 C:\\Users\\msbal\\OneDrive\\Desktop\\ZIMO Tasks\\ZG-Laravel_Tasks\\crud_task\\vendor\\laravel\\framework\\src\\Illuminate\\Foundation\\helpers.php(1040): Illuminate\\View\\Factory->make('students.index', Array, Array)
#13 C:\\Users\\msbal\\OneDrive\\Desktop\\ZIMO Tasks\\ZG-Laravel_Tasks\\crud_task\\app\\Http\\Controllers\\StudentController.php(14): view('students.index', Array)
#14 C:\\Users\\msbal\\OneDrive\\Desktop\\ZIMO Tasks\\ZG-Laravel_Tasks\\crud_task\\vendor\\laravel\\framework\\src\\Illuminate\\Routing\\ControllerDispatcher.php(46): App\\Http\\Controllers\\StudentController->index()
#15 C:\\Users\\msbal\\OneDrive\\Desktop\\ZIMO Tasks\\ZG-Laravel_Tasks\\crud_task\\vendor\\laravel\\framework\\src\\Illuminate\\Routing\\Route.php(260): Illuminate\\Routing\\ControllerDispatcher->dispatch(Object(Illuminate\\Routing\\Route), Object(App\\Http\\Controllers\\StudentController), 'index')
#16 C:\\Users\\msbal\\OneDrive\\Desktop\\ZIMO Tasks\\ZG-Laravel_Tasks\\crud_task\\vendor\\laravel\\framework\\src\\Illuminate\\Routing\\Route.php(206): Illuminate\\Routing\\Route->runController()
#17 C:\\Users\\msbal\\OneDrive\\Desktop\\ZIMO Tasks\\ZG-Laravel_Tasks\\crud_task\\vendor\\laravel\\framework\\src\\Illuminate\\Routing\\Router.php(806): Illuminate\\Routing\\Route->run()
#18 C:\\Users\\msbal\\OneDrive\\Desktop\\ZIMO Tasks\\ZG-Laravel_Tasks\\crud_task\\vendor\\laravel\\framework\\src\\Illuminate\\Pipeline\\Pipeline.php(144): Illuminate\\Routing\\Router->Illuminate\\Routing\\{closure}(Object(Illuminate\\Http\\Request))
#19 C:\\Users\\msbal\\OneDrive\\Desktop\\ZIMO Tasks\\ZG-Laravel_Tasks\\crud_task\\vendor\\laravel\\framework\\src\\Illuminate\\Routing\\Middleware\\SubstituteBindings.php(50): Illuminate\\Pipeline\\Pipeline->Illuminate\\Pipeline\\{closure}(Object(Illuminate\\Http\\Request))
#20 C:\\Users\\msbal\\OneDrive\\Desktop\\ZIMO Tasks\\ZG-Laravel_Tasks\\crud_task\\vendor\\laravel\\framework\\src\\Illuminate\\Pipeline\\Pipeline.php(183): Illuminate\\Routing\\Middleware\\SubstituteBindings->handle(Object(Illuminate\\Http\\Request), Object(Closure))
#21 C:\\Users\\msbal\\OneDrive\\Desktop\\ZIMO Tasks\\ZG-Laravel_Tasks\\crud_task\\vendor\\laravel\\framework\\src\\Illuminate\\Foundation\\Http\\Middleware\\VerifyCsrfToken.php(88): Illuminate\\Pipeline\\Pipeline->Illuminate\\Pipeline\\{closure}(Object(Illuminate\\Http\\Request))
#22 C:\\Users\\msbal\\OneDrive\\Desktop\\ZIMO Tasks\\ZG-Laravel_Tasks\\crud_task\\vendor\\laravel\\framework\\src\\Illuminate\\Pipeline\\Pipeline.php(183): Illuminate\\Foundation\\Http\\Middleware\\VerifyCsrfToken->handle(Object(Illuminate\\Http\\Request), Object(Closure))
#23 C:\\Users\\msbal\\OneDrive\\Desktop\\ZIMO Tasks\\ZG-Laravel_Tasks\\crud_task\\vendor\\laravel\\framework\\src\\Illuminate\\View\\Middleware\\ShareErrorsFromSession.php(49): Illuminate\\Pipeline\\Pipeline->Illuminate\\Pipeline\\{closure}(Object(Illuminate\\Http\\Request))
#24 C:\\Users\\msbal\\OneDrive\\Desktop\\ZIMO Tasks\\ZG-Laravel_Tasks\\crud_task\\vendor\\laravel\\framework\\src\\Illuminate\\Pipeline\\Pipeline.php(183): Illuminate\\View\\Middleware\\ShareErrorsFromSession->handle(Object(Illuminate\\Http\\Request), Object(Closure))
#25 C:\\Users\\msbal\\OneDrive\\Desktop\\ZIMO Tasks\\ZG-Laravel_Tasks\\crud_task\\vendor\\laravel\\framework\\src\\Illuminate\\Session\\Middleware\\StartSession.php(121): Illuminate\\Pipeline\\Pipeline->Illuminate\\Pipeline\\{closure}(Object(Illuminate\\Http\\Request))
#26 C:\\Users\\msbal\\OneDrive\\Desktop\\ZIMO Tasks\\ZG-Laravel_Tasks\\crud_task\\vendor\\laravel\\framework\\src\\Illuminate\\Session\\Middleware\\StartSession.php(64): Illuminate\\Session\\Middleware\\StartSession->handleStatefulRequest(Object(Illuminate\\Http\\Request), Object(Illuminate\\Session\\Store), Object(Closure))
#27 C:\\Users\\msbal\\OneDrive\\Desktop\\ZIMO Tasks\\ZG-Laravel_Tasks\\crud_task\\vendor\\laravel\\framework\\src\\Illuminate\\Pipeline\\Pipeline.php(183): Illuminate\\Session\\Middleware\\StartSession->handle(Object(Illuminate\\Http\\Request), Object(Closure))
#28 C:\\Users\\msbal\\OneDrive\\Desktop\\ZIMO Tasks\\ZG-Laravel_Tasks\\crud_task\\vendor\\laravel\\framework\\src\\Illuminate\\Cookie\\Middleware\\AddQueuedCookiesToResponse.php(37): Illuminate\\Pipeline\\Pipeline->Illuminate\\Pipeline\\{closure}(Object(Illuminate\\Http\\Request))
#29 C:\\Users\\msbal\\OneDrive\\Desktop\\ZIMO Tasks\\ZG-Laravel_Tasks\\crud_task\\vendor\\laravel\\framework\\src\\Illuminate\\Pipeline\\Pipeline.php(183): Illuminate\\Cookie\\Middleware\\AddQueuedCookiesToResponse->handle(Object(Illuminate\\Http\\Request), Object(Closure))
#30 C:\\Users\\msbal\\OneDrive\\Desktop\\ZIMO Tasks\\ZG-Laravel_Tasks\\crud_task\\vendor\\laravel\\framework\\src\\Illuminate\\Cookie\\Middleware\\EncryptCookies.php(75): Illuminate\\Pipeline\\Pipeline->Illuminate\\Pipeline\\{closure}(Object(Illuminate\\Http\\Request))
#31 C:\\Users\\msbal\\OneDrive\\Desktop\\ZIMO Tasks\\ZG-Laravel_Tasks\\crud_task\\vendor\\laravel\\framework\\src\\Illuminate\\Pipeline\\Pipeline.php(183): Illuminate\\Cookie\\Middleware\\EncryptCookies->handle(Object(Illuminate\\Http\\Request), Object(Closure))
#32 C:\\Users\\msbal\\OneDrive\\Desktop\\ZIMO Tasks\\ZG-Laravel_Tasks\\crud_task\\vendor\\laravel\\framework\\src\\Illuminate\\Pipeline\\Pipeline.php(119): Illuminate\\Pipeline\\Pipeline->Illuminate\\Pipeline\\{closure}(Object(Illuminate\\Http\\Request))
#33 C:\\Users\\msbal\\OneDrive\\Desktop\\ZIMO Tasks\\ZG-Laravel_Tasks\\crud_task\\vendor\\laravel\\framework\\src\\Illuminate\\Routing\\Router.php(805): Illuminate\\Pipeline\\Pipeline->then(Object(Closure))
#34 C:\\Users\\msbal\\OneDrive\\Desktop\\ZIMO Tasks\\ZG-Laravel_Tasks\\crud_task\\vendor\\laravel\\framework\\src\\Illuminate\\Routing\\Router.php(784): Illuminate\\Routing\\Router->runRouteWithinStack(Object(Illuminate\\Routing\\Route), Object(Illuminate\\Http\\Request))
#35 C:\\Users\\msbal\\OneDrive\\Desktop\\ZIMO Tasks\\ZG-Laravel_Tasks\\crud_task\\vendor\\laravel\\framework\\src\\Illuminate\\Routing\\Router.php(748): Illuminate\\Routing\\Router->runRoute(Object(Illuminate\\Http\\Request), Object(Illuminate\\Routing\\Route))
#36 C:\\Users\\msbal\\OneDrive\\Desktop\\ZIMO Tasks\\ZG-Laravel_Tasks\\crud_task\\vendor\\laravel\\framework\\src\\Illuminate\\Routing\\Router.php(737): Illuminate\\Routing\\Router->dispatchToRoute(Object(Illuminate\\Http\\Request))
#37 C:\\Users\\msbal\\OneDrive\\Desktop\\ZIMO Tasks\\ZG-Laravel_Tasks\\crud_task\\vendor\\laravel\\framework\\src\\Illuminate\\Foundation\\Http\\Kernel.php(200): Illuminate\\Routing\\Router->dispatch(Object(Illuminate\\Http\\Request))
#38 C:\\Users\\msbal\\OneDrive\\Desktop\\ZIMO Tasks\\ZG-Laravel_Tasks\\crud_task\\vendor\\laravel\\framework\\src\\Illuminate\\Pipeline\\Pipeline.php(144): Illuminate\\Foundation\\Http\\Kernel->Illuminate\\Foundation\\Http\\{closure}(Object(Illuminate\\Http\\Request))
#39 C:\\Users\\msbal\\OneDrive\\Desktop\\ZIMO Tasks\\ZG-Laravel_Tasks\\crud_task\\vendor\\laravel\\framework\\src\\Illuminate\\Foundation\\Http\\Middleware\\TransformsRequest.php(21): Illuminate\\Pipeline\\Pipeline->Illuminate\\Pipeline\\{closure}(Object(Illuminate\\Http\\Request))
#40 C:\\Users\\msbal\\OneDrive\\Desktop\\ZIMO Tasks\\ZG-Laravel_Tasks\\crud_task\\vendor\\laravel\\framework\\src\\Illuminate\\Foundation\\Http\\Middleware\\ConvertEmptyStringsToNull.php(31): Illuminate\\Foundation\\Http\\Middleware\\TransformsRequest->handle(Object(Illuminate\\Http\\Request), Object(Closure))
#41 C:\\Users\\msbal\\OneDrive\\Desktop\\ZIMO Tasks\\ZG-Laravel_Tasks\\crud_task\\vendor\\laravel\\framework\\src\\Illuminate\\Pipeline\\Pipeline.php(183): Illuminate\\Foundation\\Http\\Middleware\\ConvertEmptyStringsToNull->handle(Object(Illuminate\\Http\\Request), Object(Closure))
#42 C:\\Users\\msbal\\OneDrive\\Desktop\\ZIMO Tasks\\ZG-Laravel_Tasks\\crud_task\\vendor\\laravel\\framework\\src\\Illuminate\\Foundation\\Http\\Middleware\\TransformsRequest.php(21): Illuminate\\Pipeline\\Pipeline->Illuminate\\Pipeline\\{closure}(Object(Illuminate\\Http\\Request))
#43 C:\\Users\\msbal\\OneDrive\\Desktop\\ZIMO Tasks\\ZG-Laravel_Tasks\\crud_task\\vendor\\laravel\\framework\\src\\Illuminate\\Foundation\\Http\\Middleware\\TrimStrings.php(51): Illuminate\\Foundation\\Http\\Middleware\\TransformsRequest->handle(Object(Illuminate\\Http\\Request), Object(Closure))
#44 C:\\Users\\msbal\\OneDrive\\Desktop\\ZIMO Tasks\\ZG-Laravel_Tasks\\crud_task\\vendor\\laravel\\framework\\src\\Illuminate\\Pipeline\\Pipeline.php(183): Illuminate\\Foundation\\Http\\Middleware\\TrimStrings->handle(Object(Illuminate\\Http\\Request), Object(Closure))
#45 C:\\Users\\msbal\\OneDrive\\Desktop\\ZIMO Tasks\\ZG-Laravel_Tasks\\crud_task\\vendor\\laravel\\framework\\src\\Illuminate\\Http\\Middleware\\ValidatePostSize.php(27): Illuminate\\Pipeline\\Pipeline->Illuminate\\Pipeline\\{closure}(Object(Illuminate\\Http\\Request))
#46 C:\\Users\\msbal\\OneDrive\\Desktop\\ZIMO Tasks\\ZG-Laravel_Tasks\\crud_task\\vendor\\laravel\\framework\\src\\Illuminate\\Pipeline\\Pipeline.php(183): Illuminate\\Http\\Middleware\\ValidatePostSize->handle(Object(Illuminate\\Http\\Request), Object(Closure))
#47 C:\\Users\\msbal\\OneDrive\\Desktop\\ZIMO Tasks\\ZG-Laravel_Tasks\\crud_task\\vendor\\laravel\\framework\\src\\Illuminate\\Foundation\\Http\\Middleware\\PreventRequestsDuringMaintenance.php(110): Illuminate\\Pipeline\\Pipeline->Illuminate\\Pipeline\\{closure}(Object(Illuminate\\Http\\Request))
#48 C:\\Users\\msbal\\OneDrive\\Desktop\\ZIMO Tasks\\ZG-Laravel_Tasks\\crud_task\\vendor\\laravel\\framework\\src\\Illuminate\\Pipeline\\Pipeline.php(183): Illuminate\\Foundation\\Http\\Middleware\\PreventRequestsDuringMaintenance->handle(Object(Illuminate\\Http\\Request), Object(Closure))
#49 C:\\Users\\msbal\\OneDrive\\Desktop\\ZIMO Tasks\\ZG-Laravel_Tasks\\crud_task\\vendor\\laravel\\framework\\src\\Illuminate\\Http\\Middleware\\HandleCors.php(49): Illuminate\\Pipeline\\Pipeline->Illuminate\\Pipeline\\{closure}(Object(Illuminate\\Http\\Request))
#50 C:\\Users\\msbal\\OneDrive\\Desktop\\ZIMO Tasks\\ZG-Laravel_Tasks\\crud_task\\vendor\\laravel\\framework\\src\\Illuminate\\Pipeline\\Pipeline.php(183): Illuminate\\Http\\Middleware\\HandleCors->handle(Object(Illuminate\\Http\\Request), Object(Closure))
#51 C:\\Users\\msbal\\OneDrive\\Desktop\\ZIMO Tasks\\ZG-Laravel_Tasks\\crud_task\\vendor\\laravel\\framework\\src\\Illuminate\\Http\\Middleware\\TrustProxies.php(57): Illuminate\\Pipeline\\Pipeline->Illuminate\\Pipeline\\{closure}(Object(Illuminate\\Http\\Request))
#52 C:\\Users\\msbal\\OneDrive\\Desktop\\ZIMO Tasks\\ZG-Laravel_Tasks\\crud_task\\vendor\\laravel\\framework\\src\\Illuminate\\Pipeline\\Pipeline.php(183): Illuminate\\Http\\Middleware\\TrustProxies->handle(Object(Illuminate\\Http\\Request), Object(Closure))
#53 C:\\Users\\msbal\\OneDrive\\Desktop\\ZIMO Tasks\\ZG-Laravel_Tasks\\crud_task\\vendor\\laravel\\framework\\src\\Illuminate\\Pipeline\\Pipeline.php(119): Illuminate\\Pipeline\\Pipeline->Illuminate\\Pipeline\\{closure}(Object(Illuminate\\Http\\Request))
#54 C:\\Users\\msbal\\OneDrive\\Desktop\\ZIMO Tasks\\ZG-Laravel_Tasks\\crud_task\\vendor\\laravel\\framework\\src\\Illuminate\\Foundation\\Http\\Kernel.php(175): Illuminate\\Pipeline\\Pipeline->then(Object(Closure))
#55 C:\\Users\\msbal\\OneDrive\\Desktop\\ZIMO Tasks\\ZG-Laravel_Tasks\\crud_task\\vendor\\laravel\\framework\\src\\Illuminate\\Foundation\\Http\\Kernel.php(144): Illuminate\\Foundation\\Http\\Kernel->sendRequestThroughRouter(Object(Illuminate\\Http\\Request))
#56 C:\\Users\\msbal\\OneDrive\\Desktop\\ZIMO Tasks\\ZG-Laravel_Tasks\\crud_task\\vendor\\laravel\\framework\\src\\Illuminate\\Foundation\\Application.php(1176): Illuminate\\Foundation\\Http\\Kernel->handle(Object(Illuminate\\Http\\Request))
#57 C:\\Users\\msbal\\OneDrive\\Desktop\\ZIMO Tasks\\ZG-Laravel_Tasks\\crud_task\\public\\index.php(17): Illuminate\\Foundation\\Application->handleRequest(Object(Illuminate\\Http\\Request))
#58 C:\\Users\\msbal\\OneDrive\\Desktop\\ZIMO Tasks\\ZG-Laravel_Tasks\\crud_task\\vendor\\laravel\\framework\\src\\Illuminate\\Foundation\\resources\\server.php(16): require_once('C:\\\\Users\\\\msbal\\\\...')
#59 {main}
"} 
